{"/home/janaka/Projects/Fun/sinhala-unicode-coverter/tests/translators.test.ts":{"path":"/home/janaka/Projects/Fun/sinhala-unicode-coverter/tests/translators.test.ts","statementMap":{"0":{"start":{"line":2,"column":22},"end":{"line":8,"column":3}},"1":{"start":{"line":3,"column":4},"end":{"line":3,"column":33}},"2":{"start":{"line":3,"column":26},"end":{"line":3,"column":33}},"3":{"start":{"line":4,"column":4},"end":{"line":4,"column":89}},"4":{"start":{"line":4,"column":71},"end":{"line":4,"column":83}},"5":{"start":{"line":6,"column":4},"end":{"line":6,"column":33}},"6":{"start":{"line":6,"column":26},"end":{"line":6,"column":33}},"7":{"start":{"line":7,"column":4},"end":{"line":7,"column":17}},"8":{"start":{"line":9,"column":25},"end":{"line":13,"column":2}},"9":{"start":{"line":10,"column":4},"end":{"line":10,"column":72}},"10":{"start":{"line":12,"column":4},"end":{"line":12,"column":21}},"11":{"start":{"line":14,"column":19},"end":{"line":20,"column":1}},"12":{"start":{"line":15,"column":4},"end":{"line":15,"column":42}},"13":{"start":{"line":15,"column":31},"end":{"line":15,"column":42}},"14":{"start":{"line":16,"column":17},"end":{"line":16,"column":19}},"15":{"start":{"line":17,"column":4},"end":{"line":17,"column":141}},"16":{"start":{"line":17,"column":21},"end":{"line":17,"column":141}},"17":{"start":{"line":17,"column":40},"end":{"line":17,"column":141}},"18":{"start":{"line":17,"column":109},"end":{"line":17,"column":141}},"19":{"start":{"line":18,"column":4},"end":{"line":18,"column":36}},"20":{"start":{"line":19,"column":4},"end":{"line":19,"column":18}},"21":{"start":{"line":21,"column":0},"end":{"line":21,"column":26}},"22":{"start":{"line":22,"column":20},"end":{"line":22,"column":49}},"23":{"start":{"line":23,"column":11},"end":{"line":23,"column":40}},"24":{"start":{"line":24,"column":13},"end":{"line":24,"column":24}},"25":{"start":{"line":25,"column":0},"end":{"line":30,"column":3}},"26":{"start":{"line":26,"column":4},"end":{"line":29,"column":7}},"27":{"start":{"line":27,"column":8},"end":{"line":27,"column":103}},"28":{"start":{"line":28,"column":8},"end":{"line":28,"column":72}}},"fnMap":{"0":{"name":"(anonymous_0)","decl":{"start":{"line":2,"column":74},"end":{"line":2,"column":75}},"loc":{"start":{"line":2,"column":96},"end":{"line":5,"column":1}},"line":2},"1":{"name":"(anonymous_1)","decl":{"start":{"line":4,"column":58},"end":{"line":4,"column":59}},"loc":{"start":{"line":4,"column":69},"end":{"line":4,"column":85}},"line":4},"2":{"name":"(anonymous_2)","decl":{"start":{"line":5,"column":6},"end":{"line":5,"column":7}},"loc":{"start":{"line":5,"column":28},"end":{"line":8,"column":1}},"line":5},"3":{"name":"(anonymous_3)","decl":{"start":{"line":9,"column":80},"end":{"line":9,"column":81}},"loc":{"start":{"line":9,"column":95},"end":{"line":11,"column":1}},"line":9},"4":{"name":"(anonymous_4)","decl":{"start":{"line":11,"column":5},"end":{"line":11,"column":6}},"loc":{"start":{"line":11,"column":20},"end":{"line":13,"column":1}},"line":11},"5":{"name":"(anonymous_5)","decl":{"start":{"line":14,"column":50},"end":{"line":14,"column":51}},"loc":{"start":{"line":14,"column":65},"end":{"line":20,"column":1}},"line":14},"6":{"name":"(anonymous_6)","decl":{"start":{"line":25,"column":28},"end":{"line":25,"column":29}},"loc":{"start":{"line":25,"column":40},"end":{"line":30,"column":1}},"line":25},"7":{"name":"(anonymous_7)","decl":{"start":{"line":26,"column":49},"end":{"line":26,"column":50}},"loc":{"start":{"line":26,"column":61},"end":{"line":29,"column":5}},"line":26}},"branchMap":{"0":{"loc":{"start":{"line":2,"column":22},"end":{"line":8,"column":3}},"type":"binary-expr","locations":[{"start":{"line":2,"column":23},"end":{"line":2,"column":27}},{"start":{"line":2,"column":31},"end":{"line":2,"column":51}},{"start":{"line":2,"column":57},"end":{"line":8,"column":2}}],"line":2},"1":{"loc":{"start":{"line":2,"column":57},"end":{"line":8,"column":2}},"type":"cond-expr","locations":[{"start":{"line":2,"column":74},"end":{"line":5,"column":1}},{"start":{"line":5,"column":6},"end":{"line":8,"column":1}}],"line":2},"2":{"loc":{"start":{"line":3,"column":4},"end":{"line":3,"column":33}},"type":"if","locations":[{"start":{"line":3,"column":4},"end":{"line":3,"column":33}},{"start":{"line":3,"column":4},"end":{"line":3,"column":33}}],"line":3},"3":{"loc":{"start":{"line":6,"column":4},"end":{"line":6,"column":33}},"type":"if","locations":[{"start":{"line":6,"column":4},"end":{"line":6,"column":33}},{"start":{"line":6,"column":4},"end":{"line":6,"column":33}}],"line":6},"4":{"loc":{"start":{"line":9,"column":25},"end":{"line":13,"column":2}},"type":"binary-expr","locations":[{"start":{"line":9,"column":26},"end":{"line":9,"column":30}},{"start":{"line":9,"column":34},"end":{"line":9,"column":57}},{"start":{"line":9,"column":63},"end":{"line":13,"column":1}}],"line":9},"5":{"loc":{"start":{"line":9,"column":63},"end":{"line":13,"column":1}},"type":"cond-expr","locations":[{"start":{"line":9,"column":80},"end":{"line":11,"column":1}},{"start":{"line":11,"column":5},"end":{"line":13,"column":1}}],"line":9},"6":{"loc":{"start":{"line":14,"column":19},"end":{"line":20,"column":1}},"type":"binary-expr","locations":[{"start":{"line":14,"column":20},"end":{"line":14,"column":24}},{"start":{"line":14,"column":28},"end":{"line":14,"column":45}},{"start":{"line":14,"column":50},"end":{"line":20,"column":1}}],"line":14},"7":{"loc":{"start":{"line":15,"column":4},"end":{"line":15,"column":42}},"type":"if","locations":[{"start":{"line":15,"column":4},"end":{"line":15,"column":42}},{"start":{"line":15,"column":4},"end":{"line":15,"column":42}}],"line":15},"8":{"loc":{"start":{"line":15,"column":8},"end":{"line":15,"column":29}},"type":"binary-expr","locations":[{"start":{"line":15,"column":8},"end":{"line":15,"column":11}},{"start":{"line":15,"column":15},"end":{"line":15,"column":29}}],"line":15},"9":{"loc":{"start":{"line":17,"column":4},"end":{"line":17,"column":141}},"type":"if","locations":[{"start":{"line":17,"column":4},"end":{"line":17,"column":141}},{"start":{"line":17,"column":4},"end":{"line":17,"column":141}}],"line":17},"10":{"loc":{"start":{"line":17,"column":40},"end":{"line":17,"column":141}},"type":"if","locations":[{"start":{"line":17,"column":40},"end":{"line":17,"column":141}},{"start":{"line":17,"column":40},"end":{"line":17,"column":141}}],"line":17},"11":{"loc":{"start":{"line":17,"column":44},"end":{"line":17,"column":107}},"type":"binary-expr","locations":[{"start":{"line":17,"column":44},"end":{"line":17,"column":59}},{"start":{"line":17,"column":63},"end":{"line":17,"column":107}}],"line":17}},"s":{"0":1,"1":10,"2":10,"3":10,"4":1,"5":0,"6":0,"7":0,"8":1,"9":1,"10":0,"11":1,"12":1,"13":0,"14":1,"15":1,"16":1,"17":10,"18":10,"19":1,"20":1,"21":1,"22":1,"23":1,"24":1,"25":1,"26":1,"27":1,"28":1},"f":{"0":10,"1":1,"2":0,"3":1,"4":0,"5":1,"6":1,"7":1},"b":{"0":[1,1,1],"1":[1,0],"2":[10,0],"3":[0,0],"4":[1,1,1],"5":[1,0],"6":[1,1,1],"7":[0,1],"8":[1,1],"9":[1,0],"10":[10,0],"11":[10,10]},"inputSourceMap":{"version":3,"file":"/home/janaka/Projects/Fun/sinhala-unicode-coverter/tests/translators.test.ts","sources":["/home/janaka/Projects/Fun/sinhala-unicode-coverter/tests/translators.test.ts"],"names":[],"mappings":";;;;;;;;;;;;;;;;;;;;;AAAA,kDAAwE;AAGxE,yCAA6B;AAE7B,IAAM,MAAM,GAAG,IAAI,CAAC,MAAM,CAAC;AAC3B,QAAQ,CAAC,iBAAiB,EAAE;IAExB,EAAE,CAAC,wCAAwC,EAAE;QACzC,MAAM,CAAC,8BAAgB,CAAC,oBAAoB,CAAC,CAAC,CAAC,EAAE,CAAC,KAAK,CAAC,uBAAuB,CAAC,CAAA;QAChF,MAAM,CAAC,+BAAiB,CAAC,MAAM,CAAC,CAAC,CAAC,EAAE,CAAC,KAAK,CAAC,KAAK,CAAC,CAAC;IACtD,CAAC,CAAC,CAAC;AAEP,CAAC,CAAC,CAAC;AAGH,qDAAqD;AACrD,sDAAsD","sourcesContent":["import { dlManelToUnicode, singlishToUnicode } from \"../src/translators\"\n\nimport * as mocha from 'mocha';\nimport * as chai from 'chai';\n\nconst expect = chai.expect;\ndescribe('My math library', () => {\n\n    it('should be able to add things correctly', () => {\n        expect(dlManelToUnicode(\"wdKavql%u jHjia:dj\")).to.equal(\"ආණ්ඩුක්‍රම ව්‍යවස්ථාව\")\n        expect(singlishToUnicode(\"kota\")).to.equal(\"කොට\");\n    });\n\n});\n\n\n// console.log(kaputaToUnicode(\"a`N~dEkYm v&vs~}`v\"))\n// console.log(fmAbayaToUnicode(\"wdKavql%u jHjia:dj\"))"]},"_coverageSchema":"1a1c01bbd47fc00a2c39e90264f33305004495a9","hash":"839cbcc9877b17948ee509c81fadadaa944f4dcd","contentHash":"3f6fda3c7c1b3da5dd903f14a1109017e8b354065f6beb8da84056f9eea8e972"},"/home/janaka/Projects/Fun/sinhala-unicode-coverter/src/translators/index.ts":{"path":"/home/janaka/Projects/Fun/sinhala-unicode-coverter/src/translators/index.ts","statementMap":{"0":{"start":{"line":2,"column":22},"end":{"line":8,"column":3}},"1":{"start":{"line":3,"column":4},"end":{"line":3,"column":33}},"2":{"start":{"line":3,"column":26},"end":{"line":3,"column":33}},"3":{"start":{"line":4,"column":4},"end":{"line":4,"column":89}},"4":{"start":{"line":4,"column":71},"end":{"line":4,"column":83}},"5":{"start":{"line":6,"column":4},"end":{"line":6,"column":33}},"6":{"start":{"line":6,"column":26},"end":{"line":6,"column":33}},"7":{"start":{"line":7,"column":4},"end":{"line":7,"column":17}},"8":{"start":{"line":9,"column":19},"end":{"line":11,"column":1}},"9":{"start":{"line":10,"column":4},"end":{"line":10,"column":126}},"10":{"start":{"line":10,"column":21},"end":{"line":10,"column":126}},"11":{"start":{"line":10,"column":95},"end":{"line":10,"column":126}},"12":{"start":{"line":12,"column":0},"end":{"line":12,"column":26}},"13":{"start":{"line":13,"column":0},"end":{"line":13,"column":54}},"14":{"start":{"line":14,"column":0},"end":{"line":14,"column":54}},"15":{"start":{"line":15,"column":0},"end":{"line":15,"column":56}},"16":{"start":{"line":16,"column":0},"end":{"line":16,"column":56}},"17":{"start":{"line":17,"column":0},"end":{"line":17,"column":54}},"18":{"start":{"line":18,"column":0},"end":{"line":18,"column":65}},"19":{"start":{"line":19,"column":0},"end":{"line":19,"column":56}},"20":{"start":{"line":20,"column":0},"end":{"line":20,"column":56}},"21":{"start":{"line":21,"column":0},"end":{"line":21,"column":54}},"22":{"start":{"line":22,"column":0},"end":{"line":22,"column":54}},"23":{"start":{"line":23,"column":0},"end":{"line":23,"column":56}},"24":{"start":{"line":24,"column":0},"end":{"line":24,"column":54}},"25":{"start":{"line":25,"column":0},"end":{"line":25,"column":55}}},"fnMap":{"0":{"name":"(anonymous_0)","decl":{"start":{"line":2,"column":74},"end":{"line":2,"column":75}},"loc":{"start":{"line":2,"column":96},"end":{"line":5,"column":1}},"line":2},"1":{"name":"(anonymous_1)","decl":{"start":{"line":4,"column":58},"end":{"line":4,"column":59}},"loc":{"start":{"line":4,"column":69},"end":{"line":4,"column":85}},"line":4},"2":{"name":"(anonymous_2)","decl":{"start":{"line":5,"column":6},"end":{"line":5,"column":7}},"loc":{"start":{"line":5,"column":28},"end":{"line":8,"column":1}},"line":5},"3":{"name":"(anonymous_3)","decl":{"start":{"line":9,"column":50},"end":{"line":9,"column":51}},"loc":{"start":{"line":9,"column":71},"end":{"line":11,"column":1}},"line":9}},"branchMap":{"0":{"loc":{"start":{"line":2,"column":22},"end":{"line":8,"column":3}},"type":"binary-expr","locations":[{"start":{"line":2,"column":23},"end":{"line":2,"column":27}},{"start":{"line":2,"column":31},"end":{"line":2,"column":51}},{"start":{"line":2,"column":57},"end":{"line":8,"column":2}}],"line":2},"1":{"loc":{"start":{"line":2,"column":57},"end":{"line":8,"column":2}},"type":"cond-expr","locations":[{"start":{"line":2,"column":74},"end":{"line":5,"column":1}},{"start":{"line":5,"column":6},"end":{"line":8,"column":1}}],"line":2},"2":{"loc":{"start":{"line":3,"column":4},"end":{"line":3,"column":33}},"type":"if","locations":[{"start":{"line":3,"column":4},"end":{"line":3,"column":33}},{"start":{"line":3,"column":4},"end":{"line":3,"column":33}}],"line":3},"3":{"loc":{"start":{"line":6,"column":4},"end":{"line":6,"column":33}},"type":"if","locations":[{"start":{"line":6,"column":4},"end":{"line":6,"column":33}},{"start":{"line":6,"column":4},"end":{"line":6,"column":33}}],"line":6},"4":{"loc":{"start":{"line":9,"column":19},"end":{"line":11,"column":1}},"type":"binary-expr","locations":[{"start":{"line":9,"column":20},"end":{"line":9,"column":24}},{"start":{"line":9,"column":28},"end":{"line":9,"column":45}},{"start":{"line":9,"column":50},"end":{"line":11,"column":1}}],"line":9},"5":{"loc":{"start":{"line":10,"column":21},"end":{"line":10,"column":126}},"type":"if","locations":[{"start":{"line":10,"column":21},"end":{"line":10,"column":126}},{"start":{"line":10,"column":21},"end":{"line":10,"column":126}}],"line":10},"6":{"loc":{"start":{"line":10,"column":25},"end":{"line":10,"column":93}},"type":"binary-expr","locations":[{"start":{"line":10,"column":25},"end":{"line":10,"column":40}},{"start":{"line":10,"column":44},"end":{"line":10,"column":93}}],"line":10}},"s":{"0":1,"1":13,"2":13,"3":13,"4":2,"5":0,"6":0,"7":0,"8":1,"9":13,"10":26,"11":13,"12":1,"13":1,"14":1,"15":1,"16":1,"17":1,"18":1,"19":1,"20":1,"21":1,"22":1,"23":1,"24":1,"25":1},"f":{"0":13,"1":2,"2":0,"3":13},"b":{"0":[1,1,1],"1":[1,0],"2":[13,0],"3":[0,0],"4":[1,1,1],"5":[13,13],"6":[26,26]},"inputSourceMap":{"version":3,"file":"/home/janaka/Projects/Fun/sinhala-unicode-coverter/src/translators/index.ts","sources":["/home/janaka/Projects/Fun/sinhala-unicode-coverter/src/translators/index.ts"],"names":[],"mappings":";;;;;;;;;;;;AAAA,sDAAmC;AACnC,sDAAmC;AACnC,wDAAqC;AACrC,wDAAqC;AACrC,sDAAmC;AACnC,iEAA8C;AAC9C,wDAAqC;AACrC,wDAAqC;AACrC,sDAAmC;AACnC,sDAAmC;AACnC,wDAAqC;AACrC,sDAAmC;AACnC,uDAAoC","sourcesContent":["export * from \"./amalee_to_unicode\"\nexport * from \"./bamini_to_unicode\"\nexport * from \"./dl_manel_to_unicode\"\nexport * from \"./fm_abaya_to_unicode\"\nexport * from \"./kaputa_to_unicode\"\nexport * from \"./singlish_phonetic_to_unicode\"\nexport * from \"./singlish_to_unicode\"\nexport * from \"./tanglish_to_unicode\"\nexport * from \"./thibus_to_unicode\"\nexport * from \"./unicode_to_bamini\"\nexport * from \"./unicode_to_dl_manel\"\nexport * from \"./unicode_to_kaputa\"\nexport * from \"./unicode_to_tiptaka\""]},"_coverageSchema":"1a1c01bbd47fc00a2c39e90264f33305004495a9","hash":"030a6332dca7d0354d801590c8770e3b0a4b458e","contentHash":"a24fce171d2ccdb4579047eb2124538be0dc1ecfbfa18c2664813b62fe87401a"},"/home/janaka/Projects/Fun/sinhala-unicode-coverter/src/translators/amalee_to_unicode.ts":{"path":"/home/janaka/Projects/Fun/sinhala-unicode-coverter/src/translators/amalee_to_unicode.ts","statementMap":{"0":{"start":{"line":2,"column":0},"end":{"line":2,"column":26}},"1":{"start":{"line":3,"column":0},"end":{"line":3,"column":33}},"2":{"start":{"line":4,"column":0},"end":{"line":489,"column":2}},"3":{"start":{"line":5,"column":4},"end":{"line":5,"column":36}},"4":{"start":{"line":6,"column":4},"end":{"line":6,"column":42}},"5":{"start":{"line":7,"column":4},"end":{"line":7,"column":38}},"6":{"start":{"line":8,"column":4},"end":{"line":8,"column":38}},"7":{"start":{"line":9,"column":4},"end":{"line":9,"column":38}},"8":{"start":{"line":10,"column":4},"end":{"line":10,"column":38}},"9":{"start":{"line":11,"column":4},"end":{"line":11,"column":38}},"10":{"start":{"line":12,"column":4},"end":{"line":12,"column":38}},"11":{"start":{"line":13,"column":4},"end":{"line":13,"column":38}},"12":{"start":{"line":14,"column":4},"end":{"line":14,"column":38}},"13":{"start":{"line":15,"column":4},"end":{"line":15,"column":38}},"14":{"start":{"line":16,"column":4},"end":{"line":16,"column":38}},"15":{"start":{"line":17,"column":4},"end":{"line":17,"column":38}},"16":{"start":{"line":18,"column":4},"end":{"line":18,"column":42}},"17":{"start":{"line":19,"column":4},"end":{"line":19,"column":43}},"18":{"start":{"line":20,"column":4},"end":{"line":20,"column":43}},"19":{"start":{"line":21,"column":4},"end":{"line":21,"column":43}},"20":{"start":{"line":22,"column":4},"end":{"line":22,"column":43}},"21":{"start":{"line":23,"column":4},"end":{"line":23,"column":43}},"22":{"start":{"line":24,"column":4},"end":{"line":24,"column":43}},"23":{"start":{"line":25,"column":4},"end":{"line":25,"column":43}},"24":{"start":{"line":26,"column":4},"end":{"line":26,"column":43}},"25":{"start":{"line":27,"column":4},"end":{"line":27,"column":43}},"26":{"start":{"line":28,"column":4},"end":{"line":28,"column":46}},"27":{"start":{"line":29,"column":4},"end":{"line":29,"column":43}},"28":{"start":{"line":30,"column":4},"end":{"line":30,"column":43}},"29":{"start":{"line":31,"column":4},"end":{"line":31,"column":43}},"30":{"start":{"line":32,"column":4},"end":{"line":32,"column":44}},"31":{"start":{"line":33,"column":4},"end":{"line":33,"column":44}},"32":{"start":{"line":34,"column":4},"end":{"line":34,"column":43}},"33":{"start":{"line":35,"column":4},"end":{"line":35,"column":43}},"34":{"start":{"line":36,"column":4},"end":{"line":36,"column":43}},"35":{"start":{"line":37,"column":4},"end":{"line":37,"column":43}},"36":{"start":{"line":38,"column":4},"end":{"line":38,"column":43}},"37":{"start":{"line":39,"column":4},"end":{"line":39,"column":43}},"38":{"start":{"line":40,"column":4},"end":{"line":40,"column":43}},"39":{"start":{"line":41,"column":4},"end":{"line":41,"column":43}},"40":{"start":{"line":42,"column":4},"end":{"line":42,"column":43}},"41":{"start":{"line":43,"column":4},"end":{"line":43,"column":43}},"42":{"start":{"line":44,"column":4},"end":{"line":44,"column":43}},"43":{"start":{"line":45,"column":4},"end":{"line":45,"column":43}},"44":{"start":{"line":46,"column":4},"end":{"line":46,"column":43}},"45":{"start":{"line":47,"column":4},"end":{"line":47,"column":43}},"46":{"start":{"line":48,"column":4},"end":{"line":48,"column":42}},"47":{"start":{"line":49,"column":4},"end":{"line":49,"column":42}},"48":{"start":{"line":50,"column":4},"end":{"line":50,"column":42}},"49":{"start":{"line":51,"column":4},"end":{"line":51,"column":45}},"50":{"start":{"line":52,"column":4},"end":{"line":52,"column":42}},"51":{"start":{"line":53,"column":4},"end":{"line":53,"column":42}},"52":{"start":{"line":54,"column":4},"end":{"line":54,"column":42}},"53":{"start":{"line":55,"column":4},"end":{"line":55,"column":43}},"54":{"start":{"line":56,"column":4},"end":{"line":56,"column":43}},"55":{"start":{"line":57,"column":4},"end":{"line":57,"column":42}},"56":{"start":{"line":58,"column":4},"end":{"line":58,"column":42}},"57":{"start":{"line":59,"column":4},"end":{"line":59,"column":42}},"58":{"start":{"line":60,"column":4},"end":{"line":60,"column":42}},"59":{"start":{"line":61,"column":4},"end":{"line":61,"column":42}},"60":{"start":{"line":62,"column":4},"end":{"line":62,"column":42}},"61":{"start":{"line":63,"column":4},"end":{"line":63,"column":42}},"62":{"start":{"line":64,"column":4},"end":{"line":64,"column":42}},"63":{"start":{"line":65,"column":4},"end":{"line":65,"column":42}},"64":{"start":{"line":66,"column":4},"end":{"line":66,"column":42}},"65":{"start":{"line":67,"column":4},"end":{"line":67,"column":42}},"66":{"start":{"line":68,"column":4},"end":{"line":68,"column":42}},"67":{"start":{"line":69,"column":4},"end":{"line":69,"column":42}},"68":{"start":{"line":70,"column":4},"end":{"line":70,"column":41}},"69":{"start":{"line":71,"column":4},"end":{"line":71,"column":41}},"70":{"start":{"line":72,"column":4},"end":{"line":72,"column":41}},"71":{"start":{"line":73,"column":4},"end":{"line":73,"column":41}},"72":{"start":{"line":74,"column":4},"end":{"line":74,"column":41}},"73":{"start":{"line":75,"column":4},"end":{"line":75,"column":41}},"74":{"start":{"line":76,"column":4},"end":{"line":76,"column":41}},"75":{"start":{"line":77,"column":4},"end":{"line":77,"column":41}},"76":{"start":{"line":78,"column":4},"end":{"line":78,"column":41}},"77":{"start":{"line":79,"column":4},"end":{"line":79,"column":43}},"78":{"start":{"line":80,"column":4},"end":{"line":80,"column":41}},"79":{"start":{"line":81,"column":4},"end":{"line":81,"column":41}},"80":{"start":{"line":82,"column":4},"end":{"line":82,"column":42}},"81":{"start":{"line":83,"column":4},"end":{"line":83,"column":42}},"82":{"start":{"line":84,"column":4},"end":{"line":84,"column":41}},"83":{"start":{"line":85,"column":4},"end":{"line":85,"column":41}},"84":{"start":{"line":86,"column":4},"end":{"line":86,"column":41}},"85":{"start":{"line":87,"column":4},"end":{"line":87,"column":41}},"86":{"start":{"line":88,"column":4},"end":{"line":88,"column":41}},"87":{"start":{"line":89,"column":4},"end":{"line":89,"column":41}},"88":{"start":{"line":90,"column":4},"end":{"line":90,"column":41}},"89":{"start":{"line":91,"column":4},"end":{"line":91,"column":41}},"90":{"start":{"line":92,"column":4},"end":{"line":92,"column":41}},"91":{"start":{"line":93,"column":4},"end":{"line":93,"column":41}},"92":{"start":{"line":94,"column":4},"end":{"line":94,"column":41}},"93":{"start":{"line":95,"column":4},"end":{"line":95,"column":41}},"94":{"start":{"line":96,"column":4},"end":{"line":96,"column":43}},"95":{"start":{"line":97,"column":4},"end":{"line":97,"column":43}},"96":{"start":{"line":98,"column":4},"end":{"line":98,"column":43}},"97":{"start":{"line":99,"column":4},"end":{"line":99,"column":46}},"98":{"start":{"line":100,"column":4},"end":{"line":100,"column":43}},"99":{"start":{"line":101,"column":4},"end":{"line":101,"column":43}},"100":{"start":{"line":102,"column":4},"end":{"line":102,"column":44}},"101":{"start":{"line":103,"column":4},"end":{"line":103,"column":44}},"102":{"start":{"line":104,"column":4},"end":{"line":104,"column":43}},"103":{"start":{"line":105,"column":4},"end":{"line":105,"column":43}},"104":{"start":{"line":106,"column":4},"end":{"line":106,"column":42}},"105":{"start":{"line":107,"column":4},"end":{"line":107,"column":43}},"106":{"start":{"line":108,"column":4},"end":{"line":108,"column":43}},"107":{"start":{"line":109,"column":4},"end":{"line":109,"column":43}},"108":{"start":{"line":110,"column":4},"end":{"line":110,"column":42}},"109":{"start":{"line":111,"column":4},"end":{"line":111,"column":42}},"110":{"start":{"line":112,"column":4},"end":{"line":112,"column":43}},"111":{"start":{"line":113,"column":4},"end":{"line":113,"column":43}},"112":{"start":{"line":114,"column":4},"end":{"line":114,"column":42}},"113":{"start":{"line":115,"column":4},"end":{"line":115,"column":42}},"114":{"start":{"line":116,"column":4},"end":{"line":116,"column":41}},"115":{"start":{"line":117,"column":4},"end":{"line":117,"column":42}},"116":{"start":{"line":118,"column":4},"end":{"line":118,"column":42}},"117":{"start":{"line":119,"column":4},"end":{"line":119,"column":42}},"118":{"start":{"line":120,"column":4},"end":{"line":120,"column":42}},"119":{"start":{"line":121,"column":4},"end":{"line":121,"column":41}},"120":{"start":{"line":122,"column":4},"end":{"line":122,"column":41}},"121":{"start":{"line":123,"column":4},"end":{"line":123,"column":43}},"122":{"start":{"line":124,"column":4},"end":{"line":124,"column":43}},"123":{"start":{"line":125,"column":4},"end":{"line":125,"column":42}},"124":{"start":{"line":126,"column":4},"end":{"line":126,"column":42}},"125":{"start":{"line":127,"column":4},"end":{"line":127,"column":41}},"126":{"start":{"line":128,"column":4},"end":{"line":128,"column":42}},"127":{"start":{"line":129,"column":4},"end":{"line":129,"column":42}},"128":{"start":{"line":130,"column":4},"end":{"line":130,"column":41}},"129":{"start":{"line":131,"column":4},"end":{"line":131,"column":41}},"130":{"start":{"line":132,"column":4},"end":{"line":132,"column":41}},"131":{"start":{"line":133,"column":4},"end":{"line":133,"column":41}},"132":{"start":{"line":134,"column":4},"end":{"line":134,"column":42}},"133":{"start":{"line":135,"column":4},"end":{"line":135,"column":42}},"134":{"start":{"line":136,"column":4},"end":{"line":136,"column":41}},"135":{"start":{"line":137,"column":4},"end":{"line":137,"column":41}},"136":{"start":{"line":138,"column":4},"end":{"line":138,"column":40}},"137":{"start":{"line":139,"column":4},"end":{"line":139,"column":41}},"138":{"start":{"line":140,"column":4},"end":{"line":140,"column":41}},"139":{"start":{"line":141,"column":4},"end":{"line":141,"column":41}},"140":{"start":{"line":142,"column":4},"end":{"line":142,"column":41}},"141":{"start":{"line":143,"column":4},"end":{"line":143,"column":37}},"142":{"start":{"line":144,"column":4},"end":{"line":144,"column":37}},"143":{"start":{"line":145,"column":4},"end":{"line":145,"column":38}},"144":{"start":{"line":146,"column":4},"end":{"line":146,"column":38}},"145":{"start":{"line":147,"column":4},"end":{"line":147,"column":38}},"146":{"start":{"line":148,"column":4},"end":{"line":148,"column":38}},"147":{"start":{"line":149,"column":4},"end":{"line":149,"column":38}},"148":{"start":{"line":150,"column":4},"end":{"line":150,"column":38}},"149":{"start":{"line":151,"column":4},"end":{"line":151,"column":39}},"150":{"start":{"line":152,"column":4},"end":{"line":152,"column":39}},"151":{"start":{"line":153,"column":4},"end":{"line":153,"column":38}},"152":{"start":{"line":154,"column":4},"end":{"line":154,"column":38}},"153":{"start":{"line":155,"column":4},"end":{"line":155,"column":38}},"154":{"start":{"line":156,"column":4},"end":{"line":156,"column":38}},"155":{"start":{"line":157,"column":4},"end":{"line":157,"column":38}},"156":{"start":{"line":158,"column":4},"end":{"line":158,"column":38}},"157":{"start":{"line":159,"column":4},"end":{"line":159,"column":38}},"158":{"start":{"line":160,"column":4},"end":{"line":160,"column":38}},"159":{"start":{"line":161,"column":4},"end":{"line":161,"column":38}},"160":{"start":{"line":162,"column":4},"end":{"line":162,"column":38}},"161":{"start":{"line":163,"column":4},"end":{"line":163,"column":38}},"162":{"start":{"line":164,"column":4},"end":{"line":164,"column":38}},"163":{"start":{"line":165,"column":4},"end":{"line":165,"column":39}},"164":{"start":{"line":166,"column":4},"end":{"line":166,"column":39}},"165":{"start":{"line":167,"column":4},"end":{"line":167,"column":39}},"166":{"start":{"line":168,"column":4},"end":{"line":168,"column":39}},"167":{"start":{"line":169,"column":4},"end":{"line":169,"column":39}},"168":{"start":{"line":170,"column":4},"end":{"line":170,"column":39}},"169":{"start":{"line":171,"column":4},"end":{"line":171,"column":39}},"170":{"start":{"line":172,"column":4},"end":{"line":172,"column":39}},"171":{"start":{"line":173,"column":4},"end":{"line":173,"column":39}},"172":{"start":{"line":174,"column":4},"end":{"line":174,"column":39}},"173":{"start":{"line":175,"column":4},"end":{"line":175,"column":39}},"174":{"start":{"line":176,"column":4},"end":{"line":176,"column":39}},"175":{"start":{"line":177,"column":4},"end":{"line":177,"column":39}},"176":{"start":{"line":178,"column":4},"end":{"line":178,"column":39}},"177":{"start":{"line":179,"column":4},"end":{"line":179,"column":39}},"178":{"start":{"line":180,"column":4},"end":{"line":180,"column":42}},"179":{"start":{"line":181,"column":4},"end":{"line":181,"column":39}},"180":{"start":{"line":182,"column":4},"end":{"line":182,"column":39}},"181":{"start":{"line":183,"column":4},"end":{"line":183,"column":39}},"182":{"start":{"line":184,"column":4},"end":{"line":184,"column":40}},"183":{"start":{"line":185,"column":4},"end":{"line":185,"column":40}},"184":{"start":{"line":186,"column":4},"end":{"line":186,"column":39}},"185":{"start":{"line":187,"column":4},"end":{"line":187,"column":39}},"186":{"start":{"line":188,"column":4},"end":{"line":188,"column":39}},"187":{"start":{"line":189,"column":4},"end":{"line":189,"column":39}},"188":{"start":{"line":190,"column":4},"end":{"line":190,"column":39}},"189":{"start":{"line":191,"column":4},"end":{"line":191,"column":39}},"190":{"start":{"line":192,"column":4},"end":{"line":192,"column":39}},"191":{"start":{"line":193,"column":4},"end":{"line":193,"column":39}},"192":{"start":{"line":194,"column":4},"end":{"line":194,"column":39}},"193":{"start":{"line":195,"column":4},"end":{"line":195,"column":39}},"194":{"start":{"line":196,"column":4},"end":{"line":196,"column":39}},"195":{"start":{"line":197,"column":4},"end":{"line":197,"column":39}},"196":{"start":{"line":198,"column":4},"end":{"line":198,"column":39}},"197":{"start":{"line":199,"column":4},"end":{"line":199,"column":39}},"198":{"start":{"line":200,"column":4},"end":{"line":200,"column":39}},"199":{"start":{"line":201,"column":4},"end":{"line":201,"column":40}},"200":{"start":{"line":202,"column":4},"end":{"line":202,"column":39}},"201":{"start":{"line":203,"column":4},"end":{"line":203,"column":39}},"202":{"start":{"line":204,"column":4},"end":{"line":204,"column":38}},"203":{"start":{"line":205,"column":4},"end":{"line":205,"column":38}},"204":{"start":{"line":206,"column":4},"end":{"line":206,"column":38}},"205":{"start":{"line":207,"column":4},"end":{"line":207,"column":38}},"206":{"start":{"line":208,"column":4},"end":{"line":208,"column":38}},"207":{"start":{"line":209,"column":4},"end":{"line":209,"column":38}},"208":{"start":{"line":210,"column":4},"end":{"line":210,"column":38}},"209":{"start":{"line":211,"column":4},"end":{"line":211,"column":38}},"210":{"start":{"line":212,"column":4},"end":{"line":212,"column":38}},"211":{"start":{"line":213,"column":4},"end":{"line":213,"column":38}},"212":{"start":{"line":214,"column":4},"end":{"line":214,"column":38}},"213":{"start":{"line":215,"column":4},"end":{"line":215,"column":38}},"214":{"start":{"line":216,"column":4},"end":{"line":216,"column":38}},"215":{"start":{"line":217,"column":4},"end":{"line":217,"column":38}},"216":{"start":{"line":218,"column":4},"end":{"line":218,"column":41}},"217":{"start":{"line":219,"column":4},"end":{"line":219,"column":38}},"218":{"start":{"line":220,"column":4},"end":{"line":220,"column":38}},"219":{"start":{"line":221,"column":4},"end":{"line":221,"column":38}},"220":{"start":{"line":222,"column":4},"end":{"line":222,"column":39}},"221":{"start":{"line":223,"column":4},"end":{"line":223,"column":39}},"222":{"start":{"line":224,"column":4},"end":{"line":224,"column":38}},"223":{"start":{"line":225,"column":4},"end":{"line":225,"column":38}},"224":{"start":{"line":226,"column":4},"end":{"line":226,"column":38}},"225":{"start":{"line":227,"column":4},"end":{"line":227,"column":38}},"226":{"start":{"line":228,"column":4},"end":{"line":228,"column":38}},"227":{"start":{"line":229,"column":4},"end":{"line":229,"column":38}},"228":{"start":{"line":230,"column":4},"end":{"line":230,"column":38}},"229":{"start":{"line":231,"column":4},"end":{"line":231,"column":38}},"230":{"start":{"line":232,"column":4},"end":{"line":232,"column":38}},"231":{"start":{"line":233,"column":4},"end":{"line":233,"column":38}},"232":{"start":{"line":234,"column":4},"end":{"line":234,"column":38}},"233":{"start":{"line":235,"column":4},"end":{"line":235,"column":38}},"234":{"start":{"line":236,"column":4},"end":{"line":236,"column":38}},"235":{"start":{"line":237,"column":4},"end":{"line":237,"column":38}},"236":{"start":{"line":238,"column":4},"end":{"line":238,"column":38}},"237":{"start":{"line":239,"column":4},"end":{"line":239,"column":39}},"238":{"start":{"line":240,"column":4},"end":{"line":240,"column":38}},"239":{"start":{"line":241,"column":4},"end":{"line":241,"column":38}},"240":{"start":{"line":242,"column":4},"end":{"line":242,"column":39}},"241":{"start":{"line":243,"column":4},"end":{"line":243,"column":37}},"242":{"start":{"line":244,"column":4},"end":{"line":244,"column":38}},"243":{"start":{"line":245,"column":4},"end":{"line":245,"column":38}},"244":{"start":{"line":246,"column":4},"end":{"line":246,"column":38}},"245":{"start":{"line":247,"column":4},"end":{"line":247,"column":37}},"246":{"start":{"line":248,"column":4},"end":{"line":248,"column":38}},"247":{"start":{"line":249,"column":4},"end":{"line":249,"column":38}},"248":{"start":{"line":250,"column":4},"end":{"line":250,"column":38}},"249":{"start":{"line":251,"column":4},"end":{"line":251,"column":38}},"250":{"start":{"line":252,"column":4},"end":{"line":252,"column":38}},"251":{"start":{"line":253,"column":4},"end":{"line":253,"column":37}},"252":{"start":{"line":254,"column":4},"end":{"line":254,"column":38}},"253":{"start":{"line":255,"column":4},"end":{"line":255,"column":38}},"254":{"start":{"line":256,"column":4},"end":{"line":256,"column":41}},"255":{"start":{"line":257,"column":4},"end":{"line":257,"column":37}},"256":{"start":{"line":258,"column":4},"end":{"line":258,"column":37}},"257":{"start":{"line":259,"column":4},"end":{"line":259,"column":37}},"258":{"start":{"line":260,"column":4},"end":{"line":260,"column":39}},"259":{"start":{"line":261,"column":4},"end":{"line":261,"column":39}},"260":{"start":{"line":262,"column":4},"end":{"line":262,"column":38}},"261":{"start":{"line":263,"column":4},"end":{"line":263,"column":38}},"262":{"start":{"line":264,"column":4},"end":{"line":264,"column":38}},"263":{"start":{"line":265,"column":4},"end":{"line":265,"column":38}},"264":{"start":{"line":266,"column":4},"end":{"line":266,"column":37}},"265":{"start":{"line":267,"column":4},"end":{"line":267,"column":38}},"266":{"start":{"line":268,"column":4},"end":{"line":268,"column":38}},"267":{"start":{"line":269,"column":4},"end":{"line":269,"column":38}},"268":{"start":{"line":270,"column":4},"end":{"line":270,"column":37}},"269":{"start":{"line":271,"column":4},"end":{"line":271,"column":38}},"270":{"start":{"line":272,"column":4},"end":{"line":272,"column":37}},"271":{"start":{"line":273,"column":4},"end":{"line":273,"column":37}},"272":{"start":{"line":274,"column":4},"end":{"line":274,"column":38}},"273":{"start":{"line":275,"column":4},"end":{"line":275,"column":38}},"274":{"start":{"line":276,"column":4},"end":{"line":276,"column":38}},"275":{"start":{"line":277,"column":4},"end":{"line":277,"column":39}},"276":{"start":{"line":278,"column":4},"end":{"line":278,"column":37}},"277":{"start":{"line":279,"column":4},"end":{"line":279,"column":38}},"278":{"start":{"line":280,"column":4},"end":{"line":280,"column":37}},"279":{"start":{"line":281,"column":4},"end":{"line":281,"column":37}},"280":{"start":{"line":282,"column":4},"end":{"line":282,"column":36}},"281":{"start":{"line":283,"column":4},"end":{"line":283,"column":37}},"282":{"start":{"line":284,"column":4},"end":{"line":284,"column":37}},"283":{"start":{"line":285,"column":4},"end":{"line":285,"column":37}},"284":{"start":{"line":286,"column":4},"end":{"line":286,"column":37}},"285":{"start":{"line":287,"column":4},"end":{"line":287,"column":37}},"286":{"start":{"line":288,"column":4},"end":{"line":288,"column":37}},"287":{"start":{"line":289,"column":4},"end":{"line":289,"column":37}},"288":{"start":{"line":290,"column":4},"end":{"line":290,"column":37}},"289":{"start":{"line":291,"column":4},"end":{"line":291,"column":37}},"290":{"start":{"line":292,"column":4},"end":{"line":292,"column":37}},"291":{"start":{"line":293,"column":4},"end":{"line":293,"column":37}},"292":{"start":{"line":294,"column":4},"end":{"line":294,"column":37}},"293":{"start":{"line":295,"column":4},"end":{"line":295,"column":40}},"294":{"start":{"line":296,"column":4},"end":{"line":296,"column":37}},"295":{"start":{"line":297,"column":4},"end":{"line":297,"column":37}},"296":{"start":{"line":298,"column":4},"end":{"line":298,"column":37}},"297":{"start":{"line":299,"column":4},"end":{"line":299,"column":38}},"298":{"start":{"line":300,"column":4},"end":{"line":300,"column":38}},"299":{"start":{"line":301,"column":4},"end":{"line":301,"column":37}},"300":{"start":{"line":302,"column":4},"end":{"line":302,"column":37}},"301":{"start":{"line":303,"column":4},"end":{"line":303,"column":37}},"302":{"start":{"line":304,"column":4},"end":{"line":304,"column":37}},"303":{"start":{"line":305,"column":4},"end":{"line":305,"column":37}},"304":{"start":{"line":306,"column":4},"end":{"line":306,"column":37}},"305":{"start":{"line":307,"column":4},"end":{"line":307,"column":37}},"306":{"start":{"line":308,"column":4},"end":{"line":308,"column":37}},"307":{"start":{"line":309,"column":4},"end":{"line":309,"column":37}},"308":{"start":{"line":310,"column":4},"end":{"line":310,"column":37}},"309":{"start":{"line":311,"column":4},"end":{"line":311,"column":37}},"310":{"start":{"line":312,"column":4},"end":{"line":312,"column":37}},"311":{"start":{"line":313,"column":4},"end":{"line":313,"column":37}},"312":{"start":{"line":314,"column":4},"end":{"line":314,"column":37}},"313":{"start":{"line":315,"column":4},"end":{"line":315,"column":37}},"314":{"start":{"line":316,"column":4},"end":{"line":316,"column":38}},"315":{"start":{"line":317,"column":4},"end":{"line":317,"column":37}},"316":{"start":{"line":318,"column":4},"end":{"line":318,"column":37}},"317":{"start":{"line":319,"column":4},"end":{"line":319,"column":38}},"318":{"start":{"line":320,"column":4},"end":{"line":320,"column":39}},"319":{"start":{"line":321,"column":4},"end":{"line":321,"column":38}},"320":{"start":{"line":322,"column":4},"end":{"line":322,"column":38}},"321":{"start":{"line":323,"column":4},"end":{"line":323,"column":39}},"322":{"start":{"line":324,"column":4},"end":{"line":324,"column":38}},"323":{"start":{"line":325,"column":4},"end":{"line":325,"column":37}},"324":{"start":{"line":326,"column":4},"end":{"line":326,"column":37}},"325":{"start":{"line":327,"column":4},"end":{"line":327,"column":36}},"326":{"start":{"line":328,"column":4},"end":{"line":328,"column":36}},"327":{"start":{"line":329,"column":4},"end":{"line":329,"column":36}},"328":{"start":{"line":330,"column":4},"end":{"line":330,"column":36}},"329":{"start":{"line":331,"column":4},"end":{"line":331,"column":36}},"330":{"start":{"line":332,"column":4},"end":{"line":332,"column":36}},"331":{"start":{"line":333,"column":4},"end":{"line":333,"column":35}},"332":{"start":{"line":334,"column":4},"end":{"line":334,"column":36}},"333":{"start":{"line":335,"column":4},"end":{"line":335,"column":37}},"334":{"start":{"line":336,"column":4},"end":{"line":336,"column":36}},"335":{"start":{"line":337,"column":4},"end":{"line":337,"column":39}},"336":{"start":{"line":338,"column":4},"end":{"line":338,"column":36}},"337":{"start":{"line":339,"column":4},"end":{"line":339,"column":36}},"338":{"start":{"line":340,"column":4},"end":{"line":340,"column":37}},"339":{"start":{"line":341,"column":4},"end":{"line":341,"column":37}},"340":{"start":{"line":342,"column":4},"end":{"line":342,"column":37}},"341":{"start":{"line":343,"column":4},"end":{"line":343,"column":36}},"342":{"start":{"line":344,"column":4},"end":{"line":344,"column":36}},"343":{"start":{"line":345,"column":4},"end":{"line":345,"column":36}},"344":{"start":{"line":346,"column":4},"end":{"line":346,"column":36}},"345":{"start":{"line":347,"column":4},"end":{"line":347,"column":37}},"346":{"start":{"line":348,"column":4},"end":{"line":348,"column":36}},"347":{"start":{"line":349,"column":4},"end":{"line":349,"column":37}},"348":{"start":{"line":350,"column":4},"end":{"line":350,"column":36}},"349":{"start":{"line":351,"column":4},"end":{"line":351,"column":37}},"350":{"start":{"line":352,"column":4},"end":{"line":352,"column":37}},"351":{"start":{"line":353,"column":4},"end":{"line":353,"column":36}},"352":{"start":{"line":354,"column":4},"end":{"line":354,"column":37}},"353":{"start":{"line":355,"column":4},"end":{"line":355,"column":37}},"354":{"start":{"line":356,"column":4},"end":{"line":356,"column":37}},"355":{"start":{"line":357,"column":4},"end":{"line":357,"column":36}},"356":{"start":{"line":358,"column":4},"end":{"line":358,"column":36}},"357":{"start":{"line":359,"column":4},"end":{"line":359,"column":36}},"358":{"start":{"line":360,"column":4},"end":{"line":360,"column":36}},"359":{"start":{"line":361,"column":4},"end":{"line":361,"column":36}},"360":{"start":{"line":362,"column":4},"end":{"line":362,"column":36}},"361":{"start":{"line":363,"column":4},"end":{"line":363,"column":36}},"362":{"start":{"line":364,"column":4},"end":{"line":364,"column":36}},"363":{"start":{"line":365,"column":4},"end":{"line":365,"column":36}},"364":{"start":{"line":366,"column":4},"end":{"line":366,"column":36}},"365":{"start":{"line":367,"column":4},"end":{"line":367,"column":36}},"366":{"start":{"line":368,"column":4},"end":{"line":368,"column":36}},"367":{"start":{"line":369,"column":4},"end":{"line":369,"column":36}},"368":{"start":{"line":370,"column":4},"end":{"line":370,"column":36}},"369":{"start":{"line":371,"column":4},"end":{"line":371,"column":36}},"370":{"start":{"line":372,"column":4},"end":{"line":372,"column":36}},"371":{"start":{"line":373,"column":4},"end":{"line":373,"column":36}},"372":{"start":{"line":374,"column":4},"end":{"line":374,"column":36}},"373":{"start":{"line":375,"column":4},"end":{"line":375,"column":36}},"374":{"start":{"line":376,"column":4},"end":{"line":376,"column":36}},"375":{"start":{"line":377,"column":4},"end":{"line":377,"column":36}},"376":{"start":{"line":378,"column":4},"end":{"line":378,"column":37}},"377":{"start":{"line":379,"column":4},"end":{"line":379,"column":36}},"378":{"start":{"line":380,"column":4},"end":{"line":380,"column":36}},"379":{"start":{"line":381,"column":4},"end":{"line":381,"column":36}},"380":{"start":{"line":382,"column":4},"end":{"line":382,"column":36}},"381":{"start":{"line":383,"column":4},"end":{"line":383,"column":36}},"382":{"start":{"line":384,"column":4},"end":{"line":384,"column":36}},"383":{"start":{"line":385,"column":4},"end":{"line":385,"column":38}},"384":{"start":{"line":386,"column":4},"end":{"line":386,"column":36}},"385":{"start":{"line":387,"column":4},"end":{"line":387,"column":36}},"386":{"start":{"line":388,"column":4},"end":{"line":388,"column":36}},"387":{"start":{"line":389,"column":4},"end":{"line":389,"column":36}},"388":{"start":{"line":390,"column":4},"end":{"line":390,"column":36}},"389":{"start":{"line":391,"column":4},"end":{"line":391,"column":36}},"390":{"start":{"line":392,"column":4},"end":{"line":392,"column":36}},"391":{"start":{"line":393,"column":4},"end":{"line":393,"column":35}},"392":{"start":{"line":394,"column":4},"end":{"line":394,"column":35}},"393":{"start":{"line":395,"column":4},"end":{"line":395,"column":35}},"394":{"start":{"line":396,"column":4},"end":{"line":396,"column":35}},"395":{"start":{"line":397,"column":4},"end":{"line":397,"column":35}},"396":{"start":{"line":398,"column":4},"end":{"line":398,"column":35}},"397":{"start":{"line":399,"column":4},"end":{"line":399,"column":35}},"398":{"start":{"line":400,"column":4},"end":{"line":400,"column":35}},"399":{"start":{"line":401,"column":4},"end":{"line":401,"column":36}},"400":{"start":{"line":402,"column":4},"end":{"line":402,"column":35}},"401":{"start":{"line":403,"column":4},"end":{"line":403,"column":35}},"402":{"start":{"line":404,"column":4},"end":{"line":404,"column":35}},"403":{"start":{"line":405,"column":4},"end":{"line":405,"column":35}},"404":{"start":{"line":406,"column":4},"end":{"line":406,"column":35}},"405":{"start":{"line":407,"column":4},"end":{"line":407,"column":35}},"406":{"start":{"line":408,"column":4},"end":{"line":408,"column":35}},"407":{"start":{"line":409,"column":4},"end":{"line":409,"column":35}},"408":{"start":{"line":410,"column":4},"end":{"line":410,"column":35}},"409":{"start":{"line":411,"column":4},"end":{"line":411,"column":35}},"410":{"start":{"line":412,"column":4},"end":{"line":412,"column":35}},"411":{"start":{"line":413,"column":4},"end":{"line":413,"column":35}},"412":{"start":{"line":414,"column":4},"end":{"line":414,"column":35}},"413":{"start":{"line":415,"column":4},"end":{"line":415,"column":35}},"414":{"start":{"line":416,"column":4},"end":{"line":416,"column":35}},"415":{"start":{"line":417,"column":4},"end":{"line":417,"column":35}},"416":{"start":{"line":418,"column":4},"end":{"line":418,"column":35}},"417":{"start":{"line":419,"column":4},"end":{"line":419,"column":35}},"418":{"start":{"line":420,"column":4},"end":{"line":420,"column":35}},"419":{"start":{"line":421,"column":4},"end":{"line":421,"column":35}},"420":{"start":{"line":422,"column":4},"end":{"line":422,"column":35}},"421":{"start":{"line":423,"column":4},"end":{"line":423,"column":36}},"422":{"start":{"line":424,"column":4},"end":{"line":424,"column":35}},"423":{"start":{"line":425,"column":4},"end":{"line":425,"column":35}},"424":{"start":{"line":426,"column":4},"end":{"line":426,"column":36}},"425":{"start":{"line":427,"column":4},"end":{"line":427,"column":35}},"426":{"start":{"line":428,"column":4},"end":{"line":428,"column":37}},"427":{"start":{"line":429,"column":4},"end":{"line":429,"column":35}},"428":{"start":{"line":430,"column":4},"end":{"line":430,"column":36}},"429":{"start":{"line":431,"column":4},"end":{"line":431,"column":35}},"430":{"start":{"line":432,"column":4},"end":{"line":432,"column":35}},"431":{"start":{"line":433,"column":4},"end":{"line":433,"column":35}},"432":{"start":{"line":434,"column":4},"end":{"line":434,"column":35}},"433":{"start":{"line":435,"column":4},"end":{"line":435,"column":35}},"434":{"start":{"line":436,"column":4},"end":{"line":436,"column":35}},"435":{"start":{"line":437,"column":4},"end":{"line":437,"column":35}},"436":{"start":{"line":438,"column":4},"end":{"line":438,"column":35}},"437":{"start":{"line":439,"column":4},"end":{"line":439,"column":35}},"438":{"start":{"line":440,"column":4},"end":{"line":440,"column":35}},"439":{"start":{"line":441,"column":4},"end":{"line":441,"column":35}},"440":{"start":{"line":442,"column":4},"end":{"line":442,"column":35}},"441":{"start":{"line":443,"column":4},"end":{"line":443,"column":35}},"442":{"start":{"line":444,"column":4},"end":{"line":444,"column":35}},"443":{"start":{"line":445,"column":4},"end":{"line":445,"column":36}},"444":{"start":{"line":446,"column":4},"end":{"line":446,"column":36}},"445":{"start":{"line":447,"column":4},"end":{"line":447,"column":39}},"446":{"start":{"line":448,"column":4},"end":{"line":448,"column":37}},"447":{"start":{"line":449,"column":4},"end":{"line":449,"column":36}},"448":{"start":{"line":450,"column":4},"end":{"line":450,"column":36}},"449":{"start":{"line":451,"column":4},"end":{"line":451,"column":36}},"450":{"start":{"line":452,"column":4},"end":{"line":452,"column":38}},"451":{"start":{"line":453,"column":4},"end":{"line":453,"column":37}},"452":{"start":{"line":454,"column":4},"end":{"line":454,"column":35}},"453":{"start":{"line":455,"column":4},"end":{"line":455,"column":35}},"454":{"start":{"line":456,"column":4},"end":{"line":456,"column":35}},"455":{"start":{"line":457,"column":4},"end":{"line":457,"column":35}},"456":{"start":{"line":458,"column":4},"end":{"line":458,"column":35}},"457":{"start":{"line":459,"column":4},"end":{"line":459,"column":35}},"458":{"start":{"line":460,"column":4},"end":{"line":460,"column":35}},"459":{"start":{"line":461,"column":4},"end":{"line":461,"column":35}},"460":{"start":{"line":462,"column":4},"end":{"line":462,"column":36}},"461":{"start":{"line":463,"column":4},"end":{"line":463,"column":35}},"462":{"start":{"line":464,"column":4},"end":{"line":464,"column":35}},"463":{"start":{"line":465,"column":4},"end":{"line":465,"column":35}},"464":{"start":{"line":466,"column":4},"end":{"line":466,"column":35}},"465":{"start":{"line":467,"column":4},"end":{"line":467,"column":35}},"466":{"start":{"line":468,"column":4},"end":{"line":468,"column":35}},"467":{"start":{"line":469,"column":4},"end":{"line":469,"column":35}},"468":{"start":{"line":470,"column":4},"end":{"line":470,"column":36}},"469":{"start":{"line":471,"column":4},"end":{"line":471,"column":36}},"470":{"start":{"line":472,"column":4},"end":{"line":472,"column":36}},"471":{"start":{"line":473,"column":4},"end":{"line":473,"column":36}},"472":{"start":{"line":474,"column":4},"end":{"line":474,"column":36}},"473":{"start":{"line":475,"column":4},"end":{"line":475,"column":36}},"474":{"start":{"line":476,"column":4},"end":{"line":476,"column":35}},"475":{"start":{"line":477,"column":4},"end":{"line":477,"column":36}},"476":{"start":{"line":478,"column":4},"end":{"line":478,"column":36}},"477":{"start":{"line":479,"column":4},"end":{"line":479,"column":38}},"478":{"start":{"line":480,"column":4},"end":{"line":480,"column":39}},"479":{"start":{"line":481,"column":4},"end":{"line":481,"column":37}},"480":{"start":{"line":482,"column":4},"end":{"line":482,"column":36}},"481":{"start":{"line":483,"column":4},"end":{"line":483,"column":36}},"482":{"start":{"line":484,"column":4},"end":{"line":484,"column":36}},"483":{"start":{"line":485,"column":4},"end":{"line":485,"column":37}},"484":{"start":{"line":486,"column":4},"end":{"line":486,"column":36}},"485":{"start":{"line":487,"column":4},"end":{"line":487,"column":36}},"486":{"start":{"line":488,"column":4},"end":{"line":488,"column":16}}},"fnMap":{"0":{"name":"(anonymous_0)","decl":{"start":{"line":4,"column":26},"end":{"line":4,"column":27}},"loc":{"start":{"line":4,"column":42},"end":{"line":489,"column":1}},"line":4}},"branchMap":{},"s":{"0":1,"1":1,"2":1,"3":0,"4":0,"5":0,"6":0,"7":0,"8":0,"9":0,"10":0,"11":0,"12":0,"13":0,"14":0,"15":0,"16":0,"17":0,"18":0,"19":0,"20":0,"21":0,"22":0,"23":0,"24":0,"25":0,"26":0,"27":0,"28":0,"29":0,"30":0,"31":0,"32":0,"33":0,"34":0,"35":0,"36":0,"37":0,"38":0,"39":0,"40":0,"41":0,"42":0,"43":0,"44":0,"45":0,"46":0,"47":0,"48":0,"49":0,"50":0,"51":0,"52":0,"53":0,"54":0,"55":0,"56":0,"57":0,"58":0,"59":0,"60":0,"61":0,"62":0,"63":0,"64":0,"65":0,"66":0,"67":0,"68":0,"69":0,"70":0,"71":0,"72":0,"73":0,"74":0,"75":0,"76":0,"77":0,"78":0,"79":0,"80":0,"81":0,"82":0,"83":0,"84":0,"85":0,"86":0,"87":0,"88":0,"89":0,"90":0,"91":0,"92":0,"93":0,"94":0,"95":0,"96":0,"97":0,"98":0,"99":0,"100":0,"101":0,"102":0,"103":0,"104":0,"105":0,"106":0,"107":0,"108":0,"109":0,"110":0,"111":0,"112":0,"113":0,"114":0,"115":0,"116":0,"117":0,"118":0,"119":0,"120":0,"121":0,"122":0,"123":0,"124":0,"125":0,"126":0,"127":0,"128":0,"129":0,"130":0,"131":0,"132":0,"133":0,"134":0,"135":0,"136":0,"137":0,"138":0,"139":0,"140":0,"141":0,"142":0,"143":0,"144":0,"145":0,"146":0,"147":0,"148":0,"149":0,"150":0,"151":0,"152":0,"153":0,"154":0,"155":0,"156":0,"157":0,"158":0,"159":0,"160":0,"161":0,"162":0,"163":0,"164":0,"165":0,"166":0,"167":0,"168":0,"169":0,"170":0,"171":0,"172":0,"173":0,"174":0,"175":0,"176":0,"177":0,"178":0,"179":0,"180":0,"181":0,"182":0,"183":0,"184":0,"185":0,"186":0,"187":0,"188":0,"189":0,"190":0,"191":0,"192":0,"193":0,"194":0,"195":0,"196":0,"197":0,"198":0,"199":0,"200":0,"201":0,"202":0,"203":0,"204":0,"205":0,"206":0,"207":0,"208":0,"209":0,"210":0,"211":0,"212":0,"213":0,"214":0,"215":0,"216":0,"217":0,"218":0,"219":0,"220":0,"221":0,"222":0,"223":0,"224":0,"225":0,"226":0,"227":0,"228":0,"229":0,"230":0,"231":0,"232":0,"233":0,"234":0,"235":0,"236":0,"237":0,"238":0,"239":0,"240":0,"241":0,"242":0,"243":0,"244":0,"245":0,"246":0,"247":0,"248":0,"249":0,"250":0,"251":0,"252":0,"253":0,"254":0,"255":0,"256":0,"257":0,"258":0,"259":0,"260":0,"261":0,"262":0,"263":0,"264":0,"265":0,"266":0,"267":0,"268":0,"269":0,"270":0,"271":0,"272":0,"273":0,"274":0,"275":0,"276":0,"277":0,"278":0,"279":0,"280":0,"281":0,"282":0,"283":0,"284":0,"285":0,"286":0,"287":0,"288":0,"289":0,"290":0,"291":0,"292":0,"293":0,"294":0,"295":0,"296":0,"297":0,"298":0,"299":0,"300":0,"301":0,"302":0,"303":0,"304":0,"305":0,"306":0,"307":0,"308":0,"309":0,"310":0,"311":0,"312":0,"313":0,"314":0,"315":0,"316":0,"317":0,"318":0,"319":0,"320":0,"321":0,"322":0,"323":0,"324":0,"325":0,"326":0,"327":0,"328":0,"329":0,"330":0,"331":0,"332":0,"333":0,"334":0,"335":0,"336":0,"337":0,"338":0,"339":0,"340":0,"341":0,"342":0,"343":0,"344":0,"345":0,"346":0,"347":0,"348":0,"349":0,"350":0,"351":0,"352":0,"353":0,"354":0,"355":0,"356":0,"357":0,"358":0,"359":0,"360":0,"361":0,"362":0,"363":0,"364":0,"365":0,"366":0,"367":0,"368":0,"369":0,"370":0,"371":0,"372":0,"373":0,"374":0,"375":0,"376":0,"377":0,"378":0,"379":0,"380":0,"381":0,"382":0,"383":0,"384":0,"385":0,"386":0,"387":0,"388":0,"389":0,"390":0,"391":0,"392":0,"393":0,"394":0,"395":0,"396":0,"397":0,"398":0,"399":0,"400":0,"401":0,"402":0,"403":0,"404":0,"405":0,"406":0,"407":0,"408":0,"409":0,"410":0,"411":0,"412":0,"413":0,"414":0,"415":0,"416":0,"417":0,"418":0,"419":0,"420":0,"421":0,"422":0,"423":0,"424":0,"425":0,"426":0,"427":0,"428":0,"429":0,"430":0,"431":0,"432":0,"433":0,"434":0,"435":0,"436":0,"437":0,"438":0,"439":0,"440":0,"441":0,"442":0,"443":0,"444":0,"445":0,"446":0,"447":0,"448":0,"449":0,"450":0,"451":0,"452":0,"453":0,"454":0,"455":0,"456":0,"457":0,"458":0,"459":0,"460":0,"461":0,"462":0,"463":0,"464":0,"465":0,"466":0,"467":0,"468":0,"469":0,"470":0,"471":0,"472":0,"473":0,"474":0,"475":0,"476":0,"477":0,"478":0,"479":0,"480":0,"481":0,"482":0,"483":0,"484":0,"485":0,"486":0},"f":{"0":0},"b":{},"inputSourceMap":{"version":3,"file":"/home/janaka/Projects/Fun/sinhala-unicode-coverter/src/translators/amalee_to_unicode.ts","sources":["/home/janaka/Projects/Fun/sinhala-unicode-coverter/src/translators/amalee_to_unicode.ts"],"names":[],"mappings":";;;AAAa,QAAA,eAAe,GAAG,UAAU,IAAY;IACjD,IAAI,GAAG,IAAI,CAAC,OAAO,CAAC,KAAK,EAAE,GAAG,CAAC,CAAC;IAChC,IAAI,GAAG,IAAI,CAAC,OAAO,CAAC,OAAO,EAAE,OAAO,CAAC,CAAC;IACtC,IAAI,GAAG,IAAI,CAAC,OAAO,CAAC,MAAM,EAAE,IAAI,CAAC,CAAC;IAClC,IAAI,GAAG,IAAI,CAAC,OAAO,CAAC,MAAM,EAAE,IAAI,CAAC,CAAC;IAClC,IAAI,GAAG,IAAI,CAAC,OAAO,CAAC,MAAM,EAAE,IAAI,CAAC,CAAC;IAClC,IAAI,GAAG,IAAI,CAAC,OAAO,CAAC,MAAM,EAAE,IAAI,CAAC,CAAC;IAClC,IAAI,GAAG,IAAI,CAAC,OAAO,CAAC,MAAM,EAAE,IAAI,CAAC,CAAC;IAClC,IAAI,GAAG,IAAI,CAAC,OAAO,CAAC,MAAM,EAAE,IAAI,CAAC,CAAC;IAClC,IAAI,GAAG,IAAI,CAAC,OAAO,CAAC,MAAM,EAAE,IAAI,CAAC,CAAC;IAClC,IAAI,GAAG,IAAI,CAAC,OAAO,CAAC,MAAM,EAAE,IAAI,CAAC,CAAC;IAClC,IAAI,GAAG,IAAI,CAAC,OAAO,CAAC,MAAM,EAAE,IAAI,CAAC,CAAC;IAClC,IAAI,GAAG,IAAI,CAAC,OAAO,CAAC,MAAM,EAAE,IAAI,CAAC,CAAC;IAClC,IAAI,GAAG,IAAI,CAAC,OAAO,CAAC,MAAM,EAAE,IAAI,CAAC,CAAC;IAClC,IAAI,GAAG,IAAI,CAAC,OAAO,CAAC,OAAO,EAAE,OAAO,CAAC,CAAC;IACtC,IAAI,GAAG,IAAI,CAAC,OAAO,CAAC,QAAQ,EAAE,OAAO,CAAC,CAAC;IACvC,IAAI,GAAG,IAAI,CAAC,OAAO,CAAC,QAAQ,EAAE,OAAO,CAAC,CAAC;IACvC,IAAI,GAAG,IAAI,CAAC,OAAO,CAAC,QAAQ,EAAE,OAAO,CAAC,CAAC;IACvC,IAAI,GAAG,IAAI,CAAC,OAAO,CAAC,QAAQ,EAAE,OAAO,CAAC,CAAC;IACvC,IAAI,GAAG,IAAI,CAAC,OAAO,CAAC,QAAQ,EAAE,OAAO,CAAC,CAAC;IACvC,IAAI,GAAG,IAAI,CAAC,OAAO,CAAC,QAAQ,EAAE,OAAO,CAAC,CAAC;IACvC,IAAI,GAAG,IAAI,CAAC,OAAO,CAAC,QAAQ,EAAE,OAAO,CAAC,CAAC;IACvC,IAAI,GAAG,IAAI,CAAC,OAAO,CAAC,QAAQ,EAAE,OAAO,CAAC,CAAC;IACvC,IAAI,GAAG,IAAI,CAAC,OAAO,CAAC,QAAQ,EAAE,OAAO,CAAC,CAAC;IACvC,IAAI,GAAG,IAAI,CAAC,OAAO,CAAC,QAAQ,EAAE,UAAU,CAAC,CAAC;IAC1C,IAAI,GAAG,IAAI,CAAC,OAAO,CAAC,QAAQ,EAAE,OAAO,CAAC,CAAC;IACvC,IAAI,GAAG,IAAI,CAAC,OAAO,CAAC,QAAQ,EAAE,OAAO,CAAC,CAAC;IACvC,IAAI,GAAG,IAAI,CAAC,OAAO,CAAC,QAAQ,EAAE,OAAO,CAAC,CAAC;IACvC,IAAI,GAAG,IAAI,CAAC,OAAO,CAAC,SAAS,EAAE,OAAO,CAAC,CAAC;IACxC,IAAI,GAAG,IAAI,CAAC,OAAO,CAAC,SAAS,EAAE,OAAO,CAAC,CAAC;IACxC,IAAI,GAAG,IAAI,CAAC,OAAO,CAAC,QAAQ,EAAE,OAAO,CAAC,CAAC;IACvC,IAAI,GAAG,IAAI,CAAC,OAAO,CAAC,QAAQ,EAAE,OAAO,CAAC,CAAC;IACvC,IAAI,GAAG,IAAI,CAAC,OAAO,CAAC,QAAQ,EAAE,OAAO,CAAC,CAAC;IACvC,IAAI,GAAG,IAAI,CAAC,OAAO,CAAC,QAAQ,EAAE,OAAO,CAAC,CAAC;IACvC,IAAI,GAAG,IAAI,CAAC,OAAO,CAAC,QAAQ,EAAE,OAAO,CAAC,CAAC;IACvC,IAAI,GAAG,IAAI,CAAC,OAAO,CAAC,QAAQ,EAAE,OAAO,CAAC,CAAC;IACvC,IAAI,GAAG,IAAI,CAAC,OAAO,CAAC,QAAQ,EAAE,OAAO,CAAC,CAAC;IACvC,IAAI,GAAG,IAAI,CAAC,OAAO,CAAC,QAAQ,EAAE,OAAO,CAAC,CAAC;IACvC,IAAI,GAAG,IAAI,CAAC,OAAO,CAAC,QAAQ,EAAE,OAAO,CAAC,CAAC;IACvC,IAAI,GAAG,IAAI,CAAC,OAAO,CAAC,QAAQ,EAAE,OAAO,CAAC,CAAC;IACvC,IAAI,GAAG,IAAI,CAAC,OAAO,CAAC,QAAQ,EAAE,OAAO,CAAC,CAAC;IACvC,IAAI,GAAG,IAAI,CAAC,OAAO,CAAC,QAAQ,EAAE,OAAO,CAAC,CAAC;IACvC,IAAI,GAAG,IAAI,CAAC,OAAO,CAAC,QAAQ,EAAE,OAAO,CAAC,CAAC;IACvC,IAAI,GAAG,IAAI,CAAC,OAAO,CAAC,QAAQ,EAAE,OAAO,CAAC,CAAC;IACvC,IAAI,GAAG,IAAI,CAAC,OAAO,CAAC,OAAO,EAAE,OAAO,CAAC,CAAC;IACtC,IAAI,GAAG,IAAI,CAAC,OAAO,CAAC,OAAO,EAAE,OAAO,CAAC,CAAC;IACtC,IAAI,GAAG,IAAI,CAAC,OAAO,CAAC,OAAO,EAAE,OAAO,CAAC,CAAC;IACtC,IAAI,GAAG,IAAI,CAAC,OAAO,CAAC,OAAO,EAAE,UAAU,CAAC,CAAC;IACzC,IAAI,GAAG,IAAI,CAAC,OAAO,CAAC,OAAO,EAAE,OAAO,CAAC,CAAC;IACtC,IAAI,GAAG,IAAI,CAAC,OAAO,CAAC,OAAO,EAAE,OAAO,CAAC,CAAC;IACtC,IAAI,GAAG,IAAI,CAAC,OAAO,CAAC,OAAO,EAAE,OAAO,CAAC,CAAC;IACtC,IAAI,GAAG,IAAI,CAAC,OAAO,CAAC,QAAQ,EAAE,OAAO,CAAC,CAAC;IACvC,IAAI,GAAG,IAAI,CAAC,OAAO,CAAC,QAAQ,EAAE,OAAO,CAAC,CAAC;IACvC,IAAI,GAAG,IAAI,CAAC,OAAO,CAAC,OAAO,EAAE,OAAO,CAAC,CAAC;IACtC,IAAI,GAAG,IAAI,CAAC,OAAO,CAAC,OAAO,EAAE,OAAO,CAAC,CAAC;IACtC,IAAI,GAAG,IAAI,CAAC,OAAO,CAAC,OAAO,EAAE,OAAO,CAAC,CAAC;IACtC,IAAI,GAAG,IAAI,CAAC,OAAO,CAAC,OAAO,EAAE,OAAO,CAAC,CAAC;IACtC,IAAI,GAAG,IAAI,CAAC,OAAO,CAAC,OAAO,EAAE,OAAO,CAAC,CAAC;IACtC,IAAI,GAAG,IAAI,CAAC,OAAO,CAAC,OAAO,EAAE,OAAO,CAAC,CAAC;IACtC,IAAI,GAAG,IAAI,CAAC,OAAO,CAAC,OAAO,EAAE,OAAO,CAAC,CAAC;IACtC,IAAI,GAAG,IAAI,CAAC,OAAO,CAAC,OAAO,EAAE,OAAO,CAAC,CAAC;IACtC,IAAI,GAAG,IAAI,CAAC,OAAO,CAAC,OAAO,EAAE,OAAO,CAAC,CAAC;IACtC,IAAI,GAAG,IAAI,CAAC,OAAO,CAAC,OAAO,EAAE,OAAO,CAAC,CAAC;IACtC,IAAI,GAAG,IAAI,CAAC,OAAO,CAAC,OAAO,EAAE,OAAO,CAAC,CAAC;IACtC,IAAI,GAAG,IAAI,CAAC,OAAO,CAAC,OAAO,EAAE,OAAO,CAAC,CAAC;IACtC,IAAI,GAAG,IAAI,CAAC,OAAO,CAAC,OAAO,EAAE,OAAO,CAAC,CAAC;IACtC,IAAI,GAAG,IAAI,CAAC,OAAO,CAAC,MAAM,EAAE,OAAO,CAAC,CAAC;IACrC,IAAI,GAAG,IAAI,CAAC,OAAO,CAAC,MAAM,EAAE,OAAO,CAAC,CAAC;IACrC,IAAI,GAAG,IAAI,CAAC,OAAO,CAAC,MAAM,EAAE,OAAO,CAAC,CAAC;IACrC,IAAI,GAAG,IAAI,CAAC,OAAO,CAAC,MAAM,EAAE,OAAO,CAAC,CAAC;IACrC,IAAI,GAAG,IAAI,CAAC,OAAO,CAAC,MAAM,EAAE,OAAO,CAAC,CAAC;IACrC,IAAI,GAAG,IAAI,CAAC,OAAO,CAAC,MAAM,EAAE,OAAO,CAAC,CAAC;IACrC,IAAI,GAAG,IAAI,CAAC,OAAO,CAAC,MAAM,EAAE,OAAO,CAAC,CAAC;IACrC,IAAI,GAAG,IAAI,CAAC,OAAO,CAAC,MAAM,EAAE,OAAO,CAAC,CAAC;IACrC,IAAI,GAAG,IAAI,CAAC,OAAO,CAAC,MAAM,EAAE,OAAO,CAAC,CAAC;IACrC,IAAI,GAAG,IAAI,CAAC,OAAO,CAAC,MAAM,EAAE,SAAS,CAAC,CAAC;IACvC,IAAI,GAAG,IAAI,CAAC,OAAO,CAAC,MAAM,EAAE,OAAO,CAAC,CAAC;IACrC,IAAI,GAAG,IAAI,CAAC,OAAO,CAAC,MAAM,EAAE,OAAO,CAAC,CAAC;IACrC,IAAI,GAAG,IAAI,CAAC,OAAO,CAAC,OAAO,EAAE,OAAO,CAAC,CAAC;IACtC,IAAI,GAAG,IAAI,CAAC,OAAO,CAAC,OAAO,EAAE,OAAO,CAAC,CAAC;IACtC,IAAI,GAAG,IAAI,CAAC,OAAO,CAAC,MAAM,EAAE,OAAO,CAAC,CAAC;IACrC,IAAI,GAAG,IAAI,CAAC,OAAO,CAAC,MAAM,EAAE,OAAO,CAAC,CAAC;IACrC,IAAI,GAAG,IAAI,CAAC,OAAO,CAAC,MAAM,EAAE,OAAO,CAAC,CAAC;IACrC,IAAI,GAAG,IAAI,CAAC,OAAO,CAAC,MAAM,EAAE,OAAO,CAAC,CAAC;IACrC,IAAI,GAAG,IAAI,CAAC,OAAO,CAAC,MAAM,EAAE,OAAO,CAAC,CAAC;IACrC,IAAI,GAAG,IAAI,CAAC,OAAO,CAAC,MAAM,EAAE,OAAO,CAAC,CAAC;IACrC,IAAI,GAAG,IAAI,CAAC,OAAO,CAAC,MAAM,EAAE,OAAO,CAAC,CAAC;IACrC,IAAI,GAAG,IAAI,CAAC,OAAO,CAAC,MAAM,EAAE,OAAO,CAAC,CAAC;IACrC,IAAI,GAAG,IAAI,CAAC,OAAO,CAAC,MAAM,EAAE,OAAO,CAAC,CAAC;IACrC,IAAI,GAAG,IAAI,CAAC,OAAO,CAAC,MAAM,EAAE,OAAO,CAAC,CAAC;IACrC,IAAI,GAAG,IAAI,CAAC,OAAO,CAAC,MAAM,EAAE,OAAO,CAAC,CAAC;IACrC,IAAI,GAAG,IAAI,CAAC,OAAO,CAAC,MAAM,EAAE,OAAO,CAAC,CAAC;IACrC,IAAI,GAAG,IAAI,CAAC,OAAO,CAAC,QAAQ,EAAE,OAAO,CAAC,CAAC;IACvC,IAAI,GAAG,IAAI,CAAC,OAAO,CAAC,QAAQ,EAAE,OAAO,CAAC,CAAC;IACvC,IAAI,GAAG,IAAI,CAAC,OAAO,CAAC,QAAQ,EAAE,OAAO,CAAC,CAAC;IACvC,IAAI,GAAG,IAAI,CAAC,OAAO,CAAC,QAAQ,EAAE,UAAU,CAAC,CAAC;IAC1C,IAAI,GAAG,IAAI,CAAC,OAAO,CAAC,QAAQ,EAAE,OAAO,CAAC,CAAC;IACvC,IAAI,GAAG,IAAI,CAAC,OAAO,CAAC,QAAQ,EAAE,OAAO,CAAC,CAAC;IACvC,IAAI,GAAG,IAAI,CAAC,OAAO,CAAC,SAAS,EAAE,OAAO,CAAC,CAAC;IACxC,IAAI,GAAG,IAAI,CAAC,OAAO,CAAC,SAAS,EAAE,OAAO,CAAC,CAAC;IACxC,IAAI,GAAG,IAAI,CAAC,OAAO,CAAC,QAAQ,EAAE,OAAO,CAAC,CAAC;IACvC,IAAI,GAAG,IAAI,CAAC,OAAO,CAAC,QAAQ,EAAE,OAAO,CAAC,CAAC;IACvC,IAAI,GAAG,IAAI,CAAC,OAAO,CAAC,OAAO,EAAE,OAAO,CAAC,CAAC;IACtC,IAAI,GAAG,IAAI,CAAC,OAAO,CAAC,QAAQ,EAAE,OAAO,CAAC,CAAC;IACvC,IAAI,GAAG,IAAI,CAAC,OAAO,CAAC,QAAQ,EAAE,OAAO,CAAC,CAAC;IACvC,IAAI,GAAG,IAAI,CAAC,OAAO,CAAC,QAAQ,EAAE,OAAO,CAAC,CAAC;IACvC,IAAI,GAAG,IAAI,CAAC,OAAO,CAAC,OAAO,EAAE,OAAO,CAAC,CAAC;IACtC,IAAI,GAAG,IAAI,CAAC,OAAO,CAAC,OAAO,EAAE,OAAO,CAAC,CAAC;IACtC,IAAI,GAAG,IAAI,CAAC,OAAO,CAAC,QAAQ,EAAE,OAAO,CAAC,CAAC;IACvC,IAAI,GAAG,IAAI,CAAC,OAAO,CAAC,QAAQ,EAAE,OAAO,CAAC,CAAC;IACvC,IAAI,GAAG,IAAI,CAAC,OAAO,CAAC,OAAO,EAAE,OAAO,CAAC,CAAC;IACtC,IAAI,GAAG,IAAI,CAAC,OAAO,CAAC,OAAO,EAAE,OAAO,CAAC,CAAC;IACtC,IAAI,GAAG,IAAI,CAAC,OAAO,CAAC,MAAM,EAAE,OAAO,CAAC,CAAC;IACrC,IAAI,GAAG,IAAI,CAAC,OAAO,CAAC,OAAO,EAAE,OAAO,CAAC,CAAC;IACtC,IAAI,GAAG,IAAI,CAAC,OAAO,CAAC,OAAO,EAAE,OAAO,CAAC,CAAC;IACtC,IAAI,GAAG,IAAI,CAAC,OAAO,CAAC,OAAO,EAAE,OAAO,CAAC,CAAC;IACtC,IAAI,GAAG,IAAI,CAAC,OAAO,CAAC,OAAO,EAAE,OAAO,CAAC,CAAC;IACtC,IAAI,GAAG,IAAI,CAAC,OAAO,CAAC,MAAM,EAAE,OAAO,CAAC,CAAC;IACrC,IAAI,GAAG,IAAI,CAAC,OAAO,CAAC,MAAM,EAAE,OAAO,CAAC,CAAC;IACrC,IAAI,GAAG,IAAI,CAAC,OAAO,CAAC,QAAQ,EAAE,OAAO,CAAC,CAAC;IACvC,IAAI,GAAG,IAAI,CAAC,OAAO,CAAC,QAAQ,EAAE,OAAO,CAAC,CAAC;IACvC,IAAI,GAAG,IAAI,CAAC,OAAO,CAAC,OAAO,EAAE,OAAO,CAAC,CAAC;IACtC,IAAI,GAAG,IAAI,CAAC,OAAO,CAAC,OAAO,EAAE,OAAO,CAAC,CAAC;IACtC,IAAI,GAAG,IAAI,CAAC,OAAO,CAAC,MAAM,EAAE,OAAO,CAAC,CAAC;IACrC,IAAI,GAAG,IAAI,CAAC,OAAO,CAAC,OAAO,EAAE,OAAO,CAAC,CAAC;IACtC,IAAI,GAAG,IAAI,CAAC,OAAO,CAAC,OAAO,EAAE,OAAO,CAAC,CAAC;IACtC,IAAI,GAAG,IAAI,CAAC,OAAO,CAAC,MAAM,EAAE,OAAO,CAAC,CAAC;IACrC,IAAI,GAAG,IAAI,CAAC,OAAO,CAAC,MAAM,EAAE,OAAO,CAAC,CAAC;IACrC,IAAI,GAAG,IAAI,CAAC,OAAO,CAAC,MAAM,EAAE,OAAO,CAAC,CAAC;IACrC,IAAI,GAAG,IAAI,CAAC,OAAO,CAAC,MAAM,EAAE,OAAO,CAAC,CAAC;IACrC,IAAI,GAAG,IAAI,CAAC,OAAO,CAAC,OAAO,EAAE,OAAO,CAAC,CAAC;IACtC,IAAI,GAAG,IAAI,CAAC,OAAO,CAAC,OAAO,EAAE,OAAO,CAAC,CAAC;IACtC,IAAI,GAAG,IAAI,CAAC,OAAO,CAAC,MAAM,EAAE,OAAO,CAAC,CAAC;IACrC,IAAI,GAAG,IAAI,CAAC,OAAO,CAAC,MAAM,EAAE,OAAO,CAAC,CAAC;IACrC,IAAI,GAAG,IAAI,CAAC,OAAO,CAAC,KAAK,EAAE,OAAO,CAAC,CAAC;IACpC,IAAI,GAAG,IAAI,CAAC,OAAO,CAAC,MAAM,EAAE,OAAO,CAAC,CAAC;IACrC,IAAI,GAAG,IAAI,CAAC,OAAO,CAAC,MAAM,EAAE,OAAO,CAAC,CAAC;IACrC,IAAI,GAAG,IAAI,CAAC,OAAO,CAAC,MAAM,EAAE,OAAO,CAAC,CAAC;IACrC,IAAI,GAAG,IAAI,CAAC,OAAO,CAAC,MAAM,EAAE,OAAO,CAAC,CAAC;IACrC,IAAI,GAAG,IAAI,CAAC,OAAO,CAAC,IAAI,EAAE,KAAK,CAAC,CAAC;IACjC,IAAI,GAAG,IAAI,CAAC,OAAO,CAAC,IAAI,EAAE,KAAK,CAAC,CAAC;IACjC,IAAI,GAAG,IAAI,CAAC,OAAO,CAAC,MAAM,EAAE,IAAI,CAAC,CAAC;IAClC,IAAI,GAAG,IAAI,CAAC,OAAO,CAAC,MAAM,EAAE,IAAI,CAAC,CAAC;IAClC,IAAI,GAAG,IAAI,CAAC,OAAO,CAAC,MAAM,EAAE,IAAI,CAAC,CAAC;IAClC,IAAI,GAAG,IAAI,CAAC,OAAO,CAAC,MAAM,EAAE,IAAI,CAAC,CAAC;IAClC,IAAI,GAAG,IAAI,CAAC,OAAO,CAAC,MAAM,EAAE,IAAI,CAAC,CAAC;IAClC,IAAI,GAAG,IAAI,CAAC,OAAO,CAAC,MAAM,EAAE,IAAI,CAAC,CAAC;IAClC,IAAI,GAAG,IAAI,CAAC,OAAO,CAAC,OAAO,EAAE,IAAI,CAAC,CAAC;IACnC,IAAI,GAAG,IAAI,CAAC,OAAO,CAAC,OAAO,EAAE,IAAI,CAAC,CAAC;IACnC,IAAI,GAAG,IAAI,CAAC,OAAO,CAAC,MAAM,EAAE,IAAI,CAAC,CAAC;IAClC,IAAI,GAAG,IAAI,CAAC,OAAO,CAAC,MAAM,EAAE,IAAI,CAAC,CAAC;IAClC,IAAI,GAAG,IAAI,CAAC,OAAO,CAAC,MAAM,EAAE,IAAI,CAAC,CAAC;IAClC,IAAI,GAAG,IAAI,CAAC,OAAO,CAAC,MAAM,EAAE,IAAI,CAAC,CAAC;IAClC,IAAI,GAAG,IAAI,CAAC,OAAO,CAAC,MAAM,EAAE,IAAI,CAAC,CAAC;IAClC,IAAI,GAAG,IAAI,CAAC,OAAO,CAAC,MAAM,EAAE,IAAI,CAAC,CAAC;IAClC,IAAI,GAAG,IAAI,CAAC,OAAO,CAAC,MAAM,EAAE,IAAI,CAAC,CAAC;IAClC,IAAI,GAAG,IAAI,CAAC,OAAO,CAAC,MAAM,EAAE,IAAI,CAAC,CAAC;IAClC,IAAI,GAAG,IAAI,CAAC,OAAO,CAAC,MAAM,EAAE,IAAI,CAAC,CAAC;IAClC,IAAI,GAAG,IAAI,CAAC,OAAO,CAAC,MAAM,EAAE,IAAI,CAAC,CAAC;IAClC,IAAI,GAAG,IAAI,CAAC,OAAO,CAAC,MAAM,EAAE,IAAI,CAAC,CAAC;IAClC,IAAI,GAAG,IAAI,CAAC,OAAO,CAAC,MAAM,EAAE,IAAI,CAAC,CAAC;IAClC,IAAI,GAAG,IAAI,CAAC,OAAO,CAAC,OAAO,EAAE,IAAI,CAAC,CAAC;IACnC,IAAI,GAAG,IAAI,CAAC,OAAO,CAAC,OAAO,EAAE,IAAI,CAAC,CAAC;IACnC,IAAI,GAAG,IAAI,CAAC,OAAO,CAAC,OAAO,EAAE,IAAI,CAAC,CAAC;IACnC,IAAI,GAAG,IAAI,CAAC,OAAO,CAAC,OAAO,EAAE,IAAI,CAAC,CAAC;IACnC,IAAI,GAAG,IAAI,CAAC,OAAO,CAAC,OAAO,EAAE,IAAI,CAAC,CAAC;IACnC,IAAI,GAAG,IAAI,CAAC,OAAO,CAAC,OAAO,EAAE,IAAI,CAAC,CAAC;IACnC,IAAI,GAAG,IAAI,CAAC,OAAO,CAAC,OAAO,EAAE,IAAI,CAAC,CAAC;IACnC,IAAI,GAAG,IAAI,CAAC,OAAO,CAAC,OAAO,EAAE,IAAI,CAAC,CAAC;IACnC,IAAI,GAAG,IAAI,CAAC,OAAO,CAAC,OAAO,EAAE,IAAI,CAAC,CAAC;IACnC,IAAI,GAAG,IAAI,CAAC,OAAO,CAAC,OAAO,EAAE,IAAI,CAAC,CAAC;IACnC,IAAI,GAAG,IAAI,CAAC,OAAO,CAAC,OAAO,EAAE,IAAI,CAAC,CAAC;IACnC,IAAI,GAAG,IAAI,CAAC,OAAO,CAAC,OAAO,EAAE,IAAI,CAAC,CAAC;IACnC,IAAI,GAAG,IAAI,CAAC,OAAO,CAAC,OAAO,EAAE,IAAI,CAAC,CAAC;IACnC,IAAI,GAAG,IAAI,CAAC,OAAO,CAAC,OAAO,EAAE,IAAI,CAAC,CAAC;IACnC,IAAI,GAAG,IAAI,CAAC,OAAO,CAAC,OAAO,EAAE,IAAI,CAAC,CAAC;IACnC,IAAI,GAAG,IAAI,CAAC,OAAO,CAAC,OAAO,EAAE,OAAO,CAAC,CAAC;IACtC,IAAI,GAAG,IAAI,CAAC,OAAO,CAAC,OAAO,EAAE,IAAI,CAAC,CAAC;IACnC,IAAI,GAAG,IAAI,CAAC,OAAO,CAAC,OAAO,EAAE,IAAI,CAAC,CAAC;IACnC,IAAI,GAAG,IAAI,CAAC,OAAO,CAAC,OAAO,EAAE,IAAI,CAAC,CAAC;IACnC,IAAI,GAAG,IAAI,CAAC,OAAO,CAAC,QAAQ,EAAE,IAAI,CAAC,CAAC;IACpC,IAAI,GAAG,IAAI,CAAC,OAAO,CAAC,QAAQ,EAAE,IAAI,CAAC,CAAC;IACpC,IAAI,GAAG,IAAI,CAAC,OAAO,CAAC,OAAO,EAAE,IAAI,CAAC,CAAC;IACnC,IAAI,GAAG,IAAI,CAAC,OAAO,CAAC,OAAO,EAAE,IAAI,CAAC,CAAC;IACnC,IAAI,GAAG,IAAI,CAAC,OAAO,CAAC,OAAO,EAAE,IAAI,CAAC,CAAC;IACnC,IAAI,GAAG,IAAI,CAAC,OAAO,CAAC,OAAO,EAAE,IAAI,CAAC,CAAC;IACnC,IAAI,GAAG,IAAI,CAAC,OAAO,CAAC,OAAO,EAAE,IAAI,CAAC,CAAC;IACnC,IAAI,GAAG,IAAI,CAAC,OAAO,CAAC,OAAO,EAAE,IAAI,CAAC,CAAC;IACnC,IAAI,GAAG,IAAI,CAAC,OAAO,CAAC,OAAO,EAAE,IAAI,CAAC,CAAC;IACnC,IAAI,GAAG,IAAI,CAAC,OAAO,CAAC,OAAO,EAAE,IAAI,CAAC,CAAC;IACnC,IAAI,GAAG,IAAI,CAAC,OAAO,CAAC,OAAO,EAAE,IAAI,CAAC,CAAC;IACnC,IAAI,GAAG,IAAI,CAAC,OAAO,CAAC,OAAO,EAAE,IAAI,CAAC,CAAC;IACnC,IAAI,GAAG,IAAI,CAAC,OAAO,CAAC,OAAO,EAAE,IAAI,CAAC,CAAC;IACnC,IAAI,GAAG,IAAI,CAAC,OAAO,CAAC,OAAO,EAAE,IAAI,CAAC,CAAC;IACnC,IAAI,GAAG,IAAI,CAAC,OAAO,CAAC,OAAO,EAAE,IAAI,CAAC,CAAC;IACnC,IAAI,GAAG,IAAI,CAAC,OAAO,CAAC,OAAO,EAAE,IAAI,CAAC,CAAC;IACnC,IAAI,GAAG,IAAI,CAAC,OAAO,CAAC,OAAO,EAAE,IAAI,CAAC,CAAC;IACnC,IAAI,GAAG,IAAI,CAAC,OAAO,CAAC,QAAQ,EAAE,IAAI,CAAC,CAAC;IACpC,IAAI,GAAG,IAAI,CAAC,OAAO,CAAC,OAAO,EAAE,IAAI,CAAC,CAAC;IACnC,IAAI,GAAG,IAAI,CAAC,OAAO,CAAC,OAAO,EAAE,IAAI,CAAC,CAAC;IACnC,IAAI,GAAG,IAAI,CAAC,OAAO,CAAC,MAAM,EAAE,IAAI,CAAC,CAAC;IAClC,IAAI,GAAG,IAAI,CAAC,OAAO,CAAC,MAAM,EAAE,IAAI,CAAC,CAAC;IAClC,IAAI,GAAG,IAAI,CAAC,OAAO,CAAC,MAAM,EAAE,IAAI,CAAC,CAAC;IAClC,IAAI,GAAG,IAAI,CAAC,OAAO,CAAC,MAAM,EAAE,IAAI,CAAC,CAAC;IAClC,IAAI,GAAG,IAAI,CAAC,OAAO,CAAC,MAAM,EAAE,IAAI,CAAC,CAAC;IAClC,IAAI,GAAG,IAAI,CAAC,OAAO,CAAC,MAAM,EAAE,IAAI,CAAC,CAAC;IAClC,IAAI,GAAG,IAAI,CAAC,OAAO,CAAC,MAAM,EAAE,IAAI,CAAC,CAAC;IAClC,IAAI,GAAG,IAAI,CAAC,OAAO,CAAC,MAAM,EAAE,IAAI,CAAC,CAAC;IAClC,IAAI,GAAG,IAAI,CAAC,OAAO,CAAC,MAAM,EAAE,IAAI,CAAC,CAAC;IAClC,IAAI,GAAG,IAAI,CAAC,OAAO,CAAC,MAAM,EAAE,IAAI,CAAC,CAAC;IAClC,IAAI,GAAG,IAAI,CAAC,OAAO,CAAC,MAAM,EAAE,IAAI,CAAC,CAAC;IAClC,IAAI,GAAG,IAAI,CAAC,OAAO,CAAC,MAAM,EAAE,IAAI,CAAC,CAAC;IAClC,IAAI,GAAG,IAAI,CAAC,OAAO,CAAC,MAAM,EAAE,IAAI,CAAC,CAAC;IAClC,IAAI,GAAG,IAAI,CAAC,OAAO,CAAC,MAAM,EAAE,IAAI,CAAC,CAAC;IAClC,IAAI,GAAG,IAAI,CAAC,OAAO,CAAC,MAAM,EAAE,OAAO,CAAC,CAAC;IACrC,IAAI,GAAG,IAAI,CAAC,OAAO,CAAC,MAAM,EAAE,IAAI,CAAC,CAAC;IAClC,IAAI,GAAG,IAAI,CAAC,OAAO,CAAC,MAAM,EAAE,IAAI,CAAC,CAAC;IAClC,IAAI,GAAG,IAAI,CAAC,OAAO,CAAC,MAAM,EAAE,IAAI,CAAC,CAAC;IAClC,IAAI,GAAG,IAAI,CAAC,OAAO,CAAC,OAAO,EAAE,IAAI,CAAC,CAAC;IACnC,IAAI,GAAG,IAAI,CAAC,OAAO,CAAC,OAAO,EAAE,IAAI,CAAC,CAAC;IACnC,IAAI,GAAG,IAAI,CAAC,OAAO,CAAC,MAAM,EAAE,IAAI,CAAC,CAAC;IAClC,IAAI,GAAG,IAAI,CAAC,OAAO,CAAC,MAAM,EAAE,IAAI,CAAC,CAAC;IAClC,IAAI,GAAG,IAAI,CAAC,OAAO,CAAC,MAAM,EAAE,IAAI,CAAC,CAAC;IAClC,IAAI,GAAG,IAAI,CAAC,OAAO,CAAC,MAAM,EAAE,IAAI,CAAC,CAAC;IAClC,IAAI,GAAG,IAAI,CAAC,OAAO,CAAC,MAAM,EAAE,IAAI,CAAC,CAAC;IAClC,IAAI,GAAG,IAAI,CAAC,OAAO,CAAC,MAAM,EAAE,IAAI,CAAC,CAAC;IAClC,IAAI,GAAG,IAAI,CAAC,OAAO,CAAC,MAAM,EAAE,IAAI,CAAC,CAAC;IAClC,IAAI,GAAG,IAAI,CAAC,OAAO,CAAC,MAAM,EAAE,IAAI,CAAC,CAAC;IAClC,IAAI,GAAG,IAAI,CAAC,OAAO,CAAC,MAAM,EAAE,IAAI,CAAC,CAAC;IAClC,IAAI,GAAG,IAAI,CAAC,OAAO,CAAC,MAAM,EAAE,IAAI,CAAC,CAAC;IAClC,IAAI,GAAG,IAAI,CAAC,OAAO,CAAC,MAAM,EAAE,IAAI,CAAC,CAAC;IAClC,IAAI,GAAG,IAAI,CAAC,OAAO,CAAC,MAAM,EAAE,IAAI,CAAC,CAAC;IAClC,IAAI,GAAG,IAAI,CAAC,OAAO,CAAC,MAAM,EAAE,IAAI,CAAC,CAAC;IAClC,IAAI,GAAG,IAAI,CAAC,OAAO,CAAC,MAAM,EAAE,IAAI,CAAC,CAAC;IAClC,IAAI,GAAG,IAAI,CAAC,OAAO,CAAC,MAAM,EAAE,IAAI,CAAC,CAAC;IAClC,IAAI,GAAG,IAAI,CAAC,OAAO,CAAC,OAAO,EAAE,IAAI,CAAC,CAAC;IACnC,IAAI,GAAG,IAAI,CAAC,OAAO,CAAC,MAAM,EAAE,IAAI,CAAC,CAAC;IAClC,IAAI,GAAG,IAAI,CAAC,OAAO,CAAC,MAAM,EAAE,IAAI,CAAC,CAAC;IAClC,IAAI,GAAG,IAAI,CAAC,OAAO,CAAC,OAAO,EAAE,IAAI,CAAC,CAAC;IACnC,IAAI,GAAG,IAAI,CAAC,OAAO,CAAC,KAAK,EAAE,IAAI,CAAC,CAAC;IACjC,IAAI,GAAG,IAAI,CAAC,OAAO,CAAC,MAAM,EAAE,IAAI,CAAC,CAAC;IAClC,IAAI,GAAG,IAAI,CAAC,OAAO,CAAC,MAAM,EAAE,IAAI,CAAC,CAAC;IAClC,IAAI,GAAG,IAAI,CAAC,OAAO,CAAC,MAAM,EAAE,IAAI,CAAC,CAAC;IAClC,IAAI,GAAG,IAAI,CAAC,OAAO,CAAC,KAAK,EAAE,IAAI,CAAC,CAAC;IACjC,IAAI,GAAG,IAAI,CAAC,OAAO,CAAC,MAAM,EAAE,IAAI,CAAC,CAAC;IAClC,IAAI,GAAG,IAAI,CAAC,OAAO,CAAC,MAAM,EAAE,IAAI,CAAC,CAAC;IAClC,IAAI,GAAG,IAAI,CAAC,OAAO,CAAC,MAAM,EAAE,IAAI,CAAC,CAAC;IAClC,IAAI,GAAG,IAAI,CAAC,OAAO,CAAC,MAAM,EAAE,IAAI,CAAC,CAAC;IAClC,IAAI,GAAG,IAAI,CAAC,OAAO,CAAC,MAAM,EAAE,IAAI,CAAC,CAAC;IAClC,IAAI,GAAG,IAAI,CAAC,OAAO,CAAC,KAAK,EAAE,IAAI,CAAC,CAAC;IACjC,IAAI,GAAG,IAAI,CAAC,OAAO,CAAC,MAAM,EAAE,IAAI,CAAC,CAAC;IAClC,IAAI,GAAG,IAAI,CAAC,OAAO,CAAC,MAAM,EAAE,IAAI,CAAC,CAAC;IAClC,IAAI,GAAG,IAAI,CAAC,OAAO,CAAC,MAAM,EAAE,OAAO,CAAC,CAAC;IACrC,IAAI,GAAG,IAAI,CAAC,OAAO,CAAC,KAAK,EAAE,IAAI,CAAC,CAAC;IACjC,IAAI,GAAG,IAAI,CAAC,OAAO,CAAC,KAAK,EAAE,IAAI,CAAC,CAAC;IACjC,IAAI,GAAG,IAAI,CAAC,OAAO,CAAC,KAAK,EAAE,IAAI,CAAC,CAAC;IACjC,IAAI,GAAG,IAAI,CAAC,OAAO,CAAC,OAAO,EAAE,IAAI,CAAC,CAAC;IACnC,IAAI,GAAG,IAAI,CAAC,OAAO,CAAC,OAAO,EAAE,IAAI,CAAC,CAAC;IACnC,IAAI,GAAG,IAAI,CAAC,OAAO,CAAC,MAAM,EAAE,IAAI,CAAC,CAAC;IAClC,IAAI,GAAG,IAAI,CAAC,OAAO,CAAC,MAAM,EAAE,IAAI,CAAC,CAAC;IAClC,IAAI,GAAG,IAAI,CAAC,OAAO,CAAC,MAAM,EAAE,IAAI,CAAC,CAAC;IAClC,IAAI,GAAG,IAAI,CAAC,OAAO,CAAC,MAAM,EAAE,IAAI,CAAC,CAAC;IAClC,IAAI,GAAG,IAAI,CAAC,OAAO,CAAC,KAAK,EAAE,IAAI,CAAC,CAAC;IACjC,IAAI,GAAG,IAAI,CAAC,OAAO,CAAC,MAAM,EAAE,IAAI,CAAC,CAAC;IAClC,IAAI,GAAG,IAAI,CAAC,OAAO,CAAC,MAAM,EAAE,IAAI,CAAC,CAAC;IAClC,IAAI,GAAG,IAAI,CAAC,OAAO,CAAC,MAAM,EAAE,IAAI,CAAC,CAAC;IAClC,IAAI,GAAG,IAAI,CAAC,OAAO,CAAC,KAAK,EAAE,IAAI,CAAC,CAAC;IACjC,IAAI,GAAG,IAAI,CAAC,OAAO,CAAC,MAAM,EAAE,IAAI,CAAC,CAAC;IAClC,IAAI,GAAG,IAAI,CAAC,OAAO,CAAC,KAAK,EAAE,IAAI,CAAC,CAAC;IACjC,IAAI,GAAG,IAAI,CAAC,OAAO,CAAC,KAAK,EAAE,IAAI,CAAC,CAAC;IACjC,IAAI,GAAG,IAAI,CAAC,OAAO,CAAC,MAAM,EAAE,IAAI,CAAC,CAAC;IAClC,IAAI,GAAG,IAAI,CAAC,OAAO,CAAC,MAAM,EAAE,IAAI,CAAC,CAAC;IAClC,IAAI,GAAG,IAAI,CAAC,OAAO,CAAC,MAAM,EAAE,IAAI,CAAC,CAAC;IAClC,IAAI,GAAG,IAAI,CAAC,OAAO,CAAC,OAAO,EAAE,IAAI,CAAC,CAAC;IACnC,IAAI,GAAG,IAAI,CAAC,OAAO,CAAC,KAAK,EAAE,IAAI,CAAC,CAAC;IACjC,IAAI,GAAG,IAAI,CAAC,OAAO,CAAC,MAAM,EAAE,IAAI,CAAC,CAAC;IAClC,IAAI,GAAG,IAAI,CAAC,OAAO,CAAC,KAAK,EAAE,IAAI,CAAC,CAAC;IACjC,IAAI,GAAG,IAAI,CAAC,OAAO,CAAC,KAAK,EAAE,IAAI,CAAC,CAAC;IACjC,IAAI,GAAG,IAAI,CAAC,OAAO,CAAC,KAAK,EAAE,GAAG,CAAC,CAAC;IAChC,IAAI,GAAG,IAAI,CAAC,OAAO,CAAC,KAAK,EAAE,IAAI,CAAC,CAAC;IACjC,IAAI,GAAG,IAAI,CAAC,OAAO,CAAC,KAAK,EAAE,IAAI,CAAC,CAAC;IACjC,IAAI,GAAG,IAAI,CAAC,OAAO,CAAC,KAAK,EAAE,IAAI,CAAC,CAAC;IACjC,IAAI,GAAG,IAAI,CAAC,OAAO,CAAC,KAAK,EAAE,IAAI,CAAC,CAAC;IACjC,IAAI,GAAG,IAAI,CAAC,OAAO,CAAC,KAAK,EAAE,IAAI,CAAC,CAAC;IACjC,IAAI,GAAG,IAAI,CAAC,OAAO,CAAC,KAAK,EAAE,IAAI,CAAC,CAAC;IACjC,IAAI,GAAG,IAAI,CAAC,OAAO,CAAC,KAAK,EAAE,IAAI,CAAC,CAAC;IACjC,IAAI,GAAG,IAAI,CAAC,OAAO,CAAC,KAAK,EAAE,IAAI,CAAC,CAAC;IACjC,IAAI,GAAG,IAAI,CAAC,OAAO,CAAC,KAAK,EAAE,IAAI,CAAC,CAAC;IACjC,IAAI,GAAG,IAAI,CAAC,OAAO,CAAC,KAAK,EAAE,IAAI,CAAC,CAAC;IACjC,IAAI,GAAG,IAAI,CAAC,OAAO,CAAC,KAAK,EAAE,IAAI,CAAC,CAAC;IACjC,IAAI,GAAG,IAAI,CAAC,OAAO,CAAC,KAAK,EAAE,IAAI,CAAC,CAAC;IACjC,IAAI,GAAG,IAAI,CAAC,OAAO,CAAC,KAAK,EAAE,OAAO,CAAC,CAAC;IACpC,IAAI,GAAG,IAAI,CAAC,OAAO,CAAC,KAAK,EAAE,IAAI,CAAC,CAAC;IACjC,IAAI,GAAG,IAAI,CAAC,OAAO,CAAC,KAAK,EAAE,IAAI,CAAC,CAAC;IACjC,IAAI,GAAG,IAAI,CAAC,OAAO,CAAC,KAAK,EAAE,IAAI,CAAC,CAAC;IACjC,IAAI,GAAG,IAAI,CAAC,OAAO,CAAC,MAAM,EAAE,IAAI,CAAC,CAAC;IAClC,IAAI,GAAG,IAAI,CAAC,OAAO,CAAC,MAAM,EAAE,IAAI,CAAC,CAAC;IAClC,IAAI,GAAG,IAAI,CAAC,OAAO,CAAC,KAAK,EAAE,IAAI,CAAC,CAAC;IACjC,IAAI,GAAG,IAAI,CAAC,OAAO,CAAC,KAAK,EAAE,IAAI,CAAC,CAAC;IACjC,IAAI,GAAG,IAAI,CAAC,OAAO,CAAC,KAAK,EAAE,IAAI,CAAC,CAAC;IACjC,IAAI,GAAG,IAAI,CAAC,OAAO,CAAC,KAAK,EAAE,IAAI,CAAC,CAAC;IACjC,IAAI,GAAG,IAAI,CAAC,OAAO,CAAC,KAAK,EAAE,IAAI,CAAC,CAAC;IACjC,IAAI,GAAG,IAAI,CAAC,OAAO,CAAC,KAAK,EAAE,IAAI,CAAC,CAAC;IACjC,IAAI,GAAG,IAAI,CAAC,OAAO,CAAC,KAAK,EAAE,IAAI,CAAC,CAAC;IACjC,IAAI,GAAG,IAAI,CAAC,OAAO,CAAC,KAAK,EAAE,IAAI,CAAC,CAAC;IACjC,IAAI,GAAG,IAAI,CAAC,OAAO,CAAC,KAAK,EAAE,IAAI,CAAC,CAAC;IACjC,IAAI,GAAG,IAAI,CAAC,OAAO,CAAC,KAAK,EAAE,IAAI,CAAC,CAAC;IACjC,IAAI,GAAG,IAAI,CAAC,OAAO,CAAC,KAAK,EAAE,IAAI,CAAC,CAAC;IACjC,IAAI,GAAG,IAAI,CAAC,OAAO,CAAC,KAAK,EAAE,IAAI,CAAC,CAAC;IACjC,IAAI,GAAG,IAAI,CAAC,OAAO,CAAC,KAAK,EAAE,IAAI,CAAC,CAAC;IACjC,IAAI,GAAG,IAAI,CAAC,OAAO,CAAC,KAAK,EAAE,IAAI,CAAC,CAAC;IACjC,IAAI,GAAG,IAAI,CAAC,OAAO,CAAC,KAAK,EAAE,IAAI,CAAC,CAAC;IACjC,IAAI,GAAG,IAAI,CAAC,OAAO,CAAC,MAAM,EAAE,IAAI,CAAC,CAAC;IAClC,IAAI,GAAG,IAAI,CAAC,OAAO,CAAC,KAAK,EAAE,IAAI,CAAC,CAAC;IACjC,IAAI,GAAG,IAAI,CAAC,OAAO,CAAC,KAAK,EAAE,IAAI,CAAC,CAAC;IACjC,IAAI,GAAG,IAAI,CAAC,OAAO,CAAC,MAAM,EAAE,IAAI,CAAC,CAAC;IAClC,IAAI,GAAG,IAAI,CAAC,OAAO,CAAC,OAAO,EAAE,IAAI,CAAC,CAAC;IACnC,IAAI,GAAG,IAAI,CAAC,OAAO,CAAC,MAAM,EAAE,IAAI,CAAC,CAAC;IAClC,IAAI,GAAG,IAAI,CAAC,OAAO,CAAC,MAAM,EAAE,IAAI,CAAC,CAAC;IAClC,IAAI,GAAG,IAAI,CAAC,OAAO,CAAC,OAAO,EAAE,IAAI,CAAC,CAAC;IACnC,IAAI,GAAG,IAAI,CAAC,OAAO,CAAC,MAAM,EAAE,IAAI,CAAC,CAAC;IAClC,IAAI,GAAG,IAAI,CAAC,OAAO,CAAC,KAAK,EAAE,IAAI,CAAC,CAAC;IACjC,IAAI,GAAG,IAAI,CAAC,OAAO,CAAC,KAAK,EAAE,IAAI,CAAC,CAAC;IACjC,IAAI,GAAG,IAAI,CAAC,OAAO,CAAC,KAAK,EAAE,GAAG,CAAC,CAAC;IAChC,IAAI,GAAG,IAAI,CAAC,OAAO,CAAC,KAAK,EAAE,GAAG,CAAC,CAAC;IAChC,IAAI,GAAG,IAAI,CAAC,OAAO,CAAC,KAAK,EAAE,GAAG,CAAC,CAAC;IAChC,IAAI,GAAG,IAAI,CAAC,OAAO,CAAC,KAAK,EAAE,GAAG,CAAC,CAAC;IAChC,IAAI,GAAG,IAAI,CAAC,OAAO,CAAC,KAAK,EAAE,GAAG,CAAC,CAAC;IAChC,IAAI,GAAG,IAAI,CAAC,OAAO,CAAC,KAAK,EAAE,GAAG,CAAC,CAAC;IAChC,IAAI,GAAG,IAAI,CAAC,OAAO,CAAC,IAAI,EAAE,GAAG,CAAC,CAAC;IAC/B,IAAI,GAAG,IAAI,CAAC,OAAO,CAAC,IAAI,EAAE,IAAI,CAAC,CAAC;IAChC,IAAI,GAAG,IAAI,CAAC,OAAO,CAAC,KAAK,EAAE,IAAI,CAAC,CAAC;IACjC,IAAI,GAAG,IAAI,CAAC,OAAO,CAAC,IAAI,EAAE,IAAI,CAAC,CAAC;IAChC,IAAI,GAAG,IAAI,CAAC,OAAO,CAAC,KAAK,EAAE,MAAM,CAAC,CAAC;IACnC,IAAI,GAAG,IAAI,CAAC,OAAO,CAAC,IAAI,EAAE,IAAI,CAAC,CAAC;IAChC,IAAI,GAAG,IAAI,CAAC,OAAO,CAAC,IAAI,EAAE,IAAI,CAAC,CAAC;IAChC,IAAI,GAAG,IAAI,CAAC,OAAO,CAAC,KAAK,EAAE,IAAI,CAAC,CAAC;IACjC,IAAI,GAAG,IAAI,CAAC,OAAO,CAAC,KAAK,EAAE,IAAI,CAAC,CAAC;IACjC,IAAI,GAAG,IAAI,CAAC,OAAO,CAAC,KAAK,EAAE,IAAI,CAAC,CAAC;IACjC,IAAI,GAAG,IAAI,CAAC,OAAO,CAAC,IAAI,EAAE,IAAI,CAAC,CAAC;IAChC,IAAI,GAAG,IAAI,CAAC,OAAO,CAAC,IAAI,EAAE,IAAI,CAAC,CAAC;IAChC,IAAI,GAAG,IAAI,CAAC,OAAO,CAAC,IAAI,EAAE,IAAI,CAAC,CAAC;IAChC,IAAI,GAAG,IAAI,CAAC,OAAO,CAAC,IAAI,EAAE,IAAI,CAAC,CAAC;IAChC,IAAI,GAAG,IAAI,CAAC,OAAO,CAAC,KAAK,EAAE,IAAI,CAAC,CAAC;IACjC,IAAI,GAAG,IAAI,CAAC,OAAO,CAAC,IAAI,EAAE,IAAI,CAAC,CAAC;IAChC,IAAI,GAAG,IAAI,CAAC,OAAO,CAAC,KAAK,EAAE,IAAI,CAAC,CAAC;IACjC,IAAI,GAAG,IAAI,CAAC,OAAO,CAAC,IAAI,EAAE,IAAI,CAAC,CAAC;IAChC,IAAI,GAAG,IAAI,CAAC,OAAO,CAAC,KAAK,EAAE,IAAI,CAAC,CAAC;IACjC,IAAI,GAAG,IAAI,CAAC,OAAO,CAAC,KAAK,EAAE,IAAI,CAAC,CAAC;IACjC,IAAI,GAAG,IAAI,CAAC,OAAO,CAAC,IAAI,EAAE,IAAI,CAAC,CAAC;IAChC,IAAI,GAAG,IAAI,CAAC,OAAO,CAAC,KAAK,EAAE,IAAI,CAAC,CAAC;IACjC,IAAI,GAAG,IAAI,CAAC,OAAO,CAAC,KAAK,EAAE,IAAI,CAAC,CAAC;IACjC,IAAI,GAAG,IAAI,CAAC,OAAO,CAAC,KAAK,EAAE,IAAI,CAAC,CAAC;IACjC,IAAI,GAAG,IAAI,CAAC,OAAO,CAAC,IAAI,EAAE,IAAI,CAAC,CAAC;IAChC,IAAI,GAAG,IAAI,CAAC,OAAO,CAAC,IAAI,EAAE,IAAI,CAAC,CAAC;IAChC,IAAI,GAAG,IAAI,CAAC,OAAO,CAAC,IAAI,EAAE,IAAI,CAAC,CAAC;IAChC,IAAI,GAAG,IAAI,CAAC,OAAO,CAAC,IAAI,EAAE,IAAI,CAAC,CAAC;IAChC,IAAI,GAAG,IAAI,CAAC,OAAO,CAAC,IAAI,EAAE,IAAI,CAAC,CAAC;IAChC,IAAI,GAAG,IAAI,CAAC,OAAO,CAAC,IAAI,EAAE,IAAI,CAAC,CAAC;IAChC,IAAI,GAAG,IAAI,CAAC,OAAO,CAAC,IAAI,EAAE,IAAI,CAAC,CAAC;IAChC,IAAI,GAAG,IAAI,CAAC,OAAO,CAAC,IAAI,EAAE,IAAI,CAAC,CAAC;IAChC,IAAI,GAAG,IAAI,CAAC,OAAO,CAAC,IAAI,EAAE,IAAI,CAAC,CAAC;IAChC,IAAI,GAAG,IAAI,CAAC,OAAO,CAAC,IAAI,EAAE,IAAI,CAAC,CAAC;IAChC,IAAI,GAAG,IAAI,CAAC,OAAO,CAAC,IAAI,EAAE,IAAI,CAAC,CAAC;IAChC,IAAI,GAAG,IAAI,CAAC,OAAO,CAAC,IAAI,EAAE,IAAI,CAAC,CAAC;IAChC,IAAI,GAAG,IAAI,CAAC,OAAO,CAAC,IAAI,EAAE,IAAI,CAAC,CAAC;IAChC,IAAI,GAAG,IAAI,CAAC,OAAO,CAAC,IAAI,EAAE,IAAI,CAAC,CAAC;IAChC,IAAI,GAAG,IAAI,CAAC,OAAO,CAAC,IAAI,EAAE,IAAI,CAAC,CAAC;IAChC,IAAI,GAAG,IAAI,CAAC,OAAO,CAAC,IAAI,EAAE,IAAI,CAAC,CAAC;IAChC,IAAI,GAAG,IAAI,CAAC,OAAO,CAAC,IAAI,EAAE,IAAI,CAAC,CAAC;IAChC,IAAI,GAAG,IAAI,CAAC,OAAO,CAAC,IAAI,EAAE,IAAI,CAAC,CAAC;IAChC,IAAI,GAAG,IAAI,CAAC,OAAO,CAAC,IAAI,EAAE,IAAI,CAAC,CAAC;IAChC,IAAI,GAAG,IAAI,CAAC,OAAO,CAAC,IAAI,EAAE,IAAI,CAAC,CAAC;IAChC,IAAI,GAAG,IAAI,CAAC,OAAO,CAAC,IAAI,EAAE,IAAI,CAAC,CAAC;IAChC,IAAI,GAAG,IAAI,CAAC,OAAO,CAAC,KAAK,EAAE,IAAI,CAAC,CAAC;IACjC,IAAI,GAAG,IAAI,CAAC,OAAO,CAAC,IAAI,EAAE,IAAI,CAAC,CAAC;IAChC,IAAI,GAAG,IAAI,CAAC,OAAO,CAAC,IAAI,EAAE,IAAI,CAAC,CAAC;IAChC,IAAI,GAAG,IAAI,CAAC,OAAO,CAAC,IAAI,EAAE,IAAI,CAAC,CAAC;IAChC,IAAI,GAAG,IAAI,CAAC,OAAO,CAAC,IAAI,EAAE,IAAI,CAAC,CAAC;IAChC,IAAI,GAAG,IAAI,CAAC,OAAO,CAAC,IAAI,EAAE,IAAI,CAAC,CAAC;IAChC,IAAI,GAAG,IAAI,CAAC,OAAO,CAAC,IAAI,EAAE,IAAI,CAAC,CAAC;IAChC,IAAI,GAAG,IAAI,CAAC,OAAO,CAAC,IAAI,EAAE,MAAM,CAAC,CAAC;IAClC,IAAI,GAAG,IAAI,CAAC,OAAO,CAAC,IAAI,EAAE,IAAI,CAAC,CAAC;IAChC,IAAI,GAAG,IAAI,CAAC,OAAO,CAAC,IAAI,EAAE,IAAI,CAAC,CAAC;IAChC,IAAI,GAAG,IAAI,CAAC,OAAO,CAAC,IAAI,EAAE,IAAI,CAAC,CAAC;IAChC,IAAI,GAAG,IAAI,CAAC,OAAO,CAAC,IAAI,EAAE,IAAI,CAAC,CAAC;IAChC,IAAI,GAAG,IAAI,CAAC,OAAO,CAAC,IAAI,EAAE,IAAI,CAAC,CAAC;IAChC,IAAI,GAAG,IAAI,CAAC,OAAO,CAAC,IAAI,EAAE,IAAI,CAAC,CAAC;IAChC,IAAI,GAAG,IAAI,CAAC,OAAO,CAAC,IAAI,EAAE,IAAI,CAAC,CAAC;IAChC,IAAI,GAAG,IAAI,CAAC,OAAO,CAAC,IAAI,EAAE,GAAG,CAAC,CAAC;IAC/B,IAAI,GAAG,IAAI,CAAC,OAAO,CAAC,IAAI,EAAE,GAAG,CAAC,CAAC;IAC/B,IAAI,GAAG,IAAI,CAAC,OAAO,CAAC,IAAI,EAAE,GAAG,CAAC,CAAC;IAC/B,IAAI,GAAG,IAAI,CAAC,OAAO,CAAC,IAAI,EAAE,GAAG,CAAC,CAAC;IAC/B,IAAI,GAAG,IAAI,CAAC,OAAO,CAAC,IAAI,EAAE,GAAG,CAAC,CAAC;IAC/B,IAAI,GAAG,IAAI,CAAC,OAAO,CAAC,IAAI,EAAE,GAAG,CAAC,CAAC;IAC/B,IAAI,GAAG,IAAI,CAAC,OAAO,CAAC,IAAI,EAAE,GAAG,CAAC,CAAC;IAC/B,IAAI,GAAG,IAAI,CAAC,OAAO,CAAC,IAAI,EAAE,GAAG,CAAC,CAAC;IAC/B,IAAI,GAAG,IAAI,CAAC,OAAO,CAAC,KAAK,EAAE,GAAG,CAAC,CAAC;IAChC,IAAI,GAAG,IAAI,CAAC,OAAO,CAAC,IAAI,EAAE,GAAG,CAAC,CAAC;IAC/B,IAAI,GAAG,IAAI,CAAC,OAAO,CAAC,IAAI,EAAE,GAAG,CAAC,CAAC;IAC/B,IAAI,GAAG,IAAI,CAAC,OAAO,CAAC,IAAI,EAAE,GAAG,CAAC,CAAC;IAC/B,IAAI,GAAG,IAAI,CAAC,OAAO,CAAC,IAAI,EAAE,GAAG,CAAC,CAAC;IAC/B,IAAI,GAAG,IAAI,CAAC,OAAO,CAAC,IAAI,EAAE,GAAG,CAAC,CAAC;IAC/B,IAAI,GAAG,IAAI,CAAC,OAAO,CAAC,IAAI,EAAE,GAAG,CAAC,CAAC;IAC/B,IAAI,GAAG,IAAI,CAAC,OAAO,CAAC,IAAI,EAAE,GAAG,CAAC,CAAC;IAC/B,IAAI,GAAG,IAAI,CAAC,OAAO,CAAC,IAAI,EAAE,GAAG,CAAC,CAAC;IAC/B,IAAI,GAAG,IAAI,CAAC,OAAO,CAAC,IAAI,EAAE,GAAG,CAAC,CAAC;IAC/B,IAAI,GAAG,IAAI,CAAC,OAAO,CAAC,IAAI,EAAE,GAAG,CAAC,CAAC;IAC/B,IAAI,GAAG,IAAI,CAAC,OAAO,CAAC,IAAI,EAAE,GAAG,CAAC,CAAC;IAC/B,IAAI,GAAG,IAAI,CAAC,OAAO,CAAC,IAAI,EAAE,GAAG,CAAC,CAAC;IAC/B,IAAI,GAAG,IAAI,CAAC,OAAO,CAAC,IAAI,EAAE,GAAG,CAAC,CAAC;IAC/B,IAAI,GAAG,IAAI,CAAC,OAAO,CAAC,IAAI,EAAE,GAAG,CAAC,CAAC;IAC/B,IAAI,GAAG,IAAI,CAAC,OAAO,CAAC,IAAI,EAAE,GAAG,CAAC,CAAC;IAC/B,IAAI,GAAG,IAAI,CAAC,OAAO,CAAC,IAAI,EAAE,GAAG,CAAC,CAAC;IAC/B,IAAI,GAAG,IAAI,CAAC,OAAO,CAAC,IAAI,EAAE,GAAG,CAAC,CAAC;IAC/B,IAAI,GAAG,IAAI,CAAC,OAAO,CAAC,IAAI,EAAE,GAAG,CAAC,CAAC;IAC/B,IAAI,GAAG,IAAI,CAAC,OAAO,CAAC,IAAI,EAAE,GAAG,CAAC,CAAC;IAC/B,IAAI,GAAG,IAAI,CAAC,OAAO,CAAC,IAAI,EAAE,GAAG,CAAC,CAAC;IAC/B,IAAI,GAAG,IAAI,CAAC,OAAO,CAAC,IAAI,EAAE,GAAG,CAAC,CAAC;IAC/B,IAAI,GAAG,IAAI,CAAC,OAAO,CAAC,KAAK,EAAE,GAAG,CAAC,CAAC;IAChC,IAAI,GAAG,IAAI,CAAC,OAAO,CAAC,IAAI,EAAE,GAAG,CAAC,CAAC;IAC/B,IAAI,GAAG,IAAI,CAAC,OAAO,CAAC,IAAI,EAAE,GAAG,CAAC,CAAC;IAC/B,IAAI,GAAG,IAAI,CAAC,OAAO,CAAC,IAAI,EAAE,IAAI,CAAC,CAAC;IAChC,IAAI,GAAG,IAAI,CAAC,OAAO,CAAC,IAAI,EAAE,GAAG,CAAC,CAAC;IAC/B,IAAI,GAAG,IAAI,CAAC,OAAO,CAAC,IAAI,EAAE,KAAK,CAAC,CAAC;IACjC,IAAI,GAAG,IAAI,CAAC,OAAO,CAAC,IAAI,EAAE,GAAG,CAAC,CAAC;IAC/B,IAAI,GAAG,IAAI,CAAC,OAAO,CAAC,IAAI,EAAE,IAAI,CAAC,CAAC;IAChC,IAAI,GAAG,IAAI,CAAC,OAAO,CAAC,IAAI,EAAE,GAAG,CAAC,CAAC;IAC/B,IAAI,GAAG,IAAI,CAAC,OAAO,CAAC,IAAI,EAAE,GAAG,CAAC,CAAC;IAC/B,IAAI,GAAG,IAAI,CAAC,OAAO,CAAC,IAAI,EAAE,GAAG,CAAC,CAAC;IAC/B,IAAI,GAAG,IAAI,CAAC,OAAO,CAAC,IAAI,EAAE,GAAG,CAAC,CAAC;IAC/B,IAAI,GAAG,IAAI,CAAC,OAAO,CAAC,IAAI,EAAE,GAAG,CAAC,CAAC;IAC/B,IAAI,GAAG,IAAI,CAAC,OAAO,CAAC,IAAI,EAAE,GAAG,CAAC,CAAC;IAC/B,IAAI,GAAG,IAAI,CAAC,OAAO,CAAC,IAAI,EAAE,GAAG,CAAC,CAAC;IAC/B,IAAI,GAAG,IAAI,CAAC,OAAO,CAAC,IAAI,EAAE,GAAG,CAAC,CAAC;IAC/B,IAAI,GAAG,IAAI,CAAC,OAAO,CAAC,IAAI,EAAE,GAAG,CAAC,CAAC;IAC/B,IAAI,GAAG,IAAI,CAAC,OAAO,CAAC,IAAI,EAAE,GAAG,CAAC,CAAC;IAC/B,IAAI,GAAG,IAAI,CAAC,OAAO,CAAC,IAAI,EAAE,GAAG,CAAC,CAAC;IAC/B,IAAI,GAAG,IAAI,CAAC,OAAO,CAAC,IAAI,EAAE,GAAG,CAAC,CAAC;IAC/B,IAAI,GAAG,IAAI,CAAC,OAAO,CAAC,IAAI,EAAE,GAAG,CAAC,CAAC;IAC/B,IAAI,GAAG,IAAI,CAAC,OAAO,CAAC,IAAI,EAAE,GAAG,CAAC,CAAC;IAC/B,IAAI,GAAG,IAAI,CAAC,OAAO,CAAC,IAAI,EAAE,IAAI,CAAC,CAAC;IAChC,IAA
[...]
text = text.replace(/ශ්‍යෙ/g, \"fYH\");\n    // text = text.replace(/ඛ්‍යෙ/g, \"fLH\");\n    // text = text.replace(/ක්‍ෂ්යෙ/g, \"fCIah\");\n    // text = text.replace(/බ්‍යෙ/g, \"fLH\");\n    // text = text.replace(/ඩ්‍යෙ/g, \"fvH\");\n    // text = text.replace(/ෆ්‍යෙ/g, \"f\\H\");\n    // text = text.replace(/ග්‍යෙ/g, \"f.H\");\n    // text = text.replace(/ජ්‍යෙ/g, \"fcH\");\n    // text = text.replace(/ක්‍යෙ/g, \"flH\");\n    // text = text.replace(/ම්‍යෙ/g, \"fuH\");\n    // text = text.replace(/ප්‍යෙ/g, \"fmH\");\n    // text = text.replace(/ද්‍යෙ/g, \"foH\");\n    // text = text.replace(/ස්‍යෙ/g, \"fLH\");\n    // text = text.replace(/ට්‍යෙ/g, \"fgH\");\n    // text = text.replace(/ව්‍යෙ/g, \"fjH\");\n    // text = text.replace(/ත්‍යෙ/g, \"f;H\");\n    // text = text.replace(/භ්‍යෙ/g, \"fNH\");\n    // text = text.replace(/ධ්‍යෙ/g, \"fOH\");\n    // text = text.replace(/ථ්‍යෙ/g, \"f:H\");\n    // text = text.replace(/ෂ්‍රෝ/g, \"fI1da\");\n    // text = text.replace(/ඝ්‍රෝ/g, \"f>1da\");\n    // text = text.replace(/ශ්‍රෝ/g, \"fY1da\");\n    // text = text.replace(/ක්‍ෂ්‍රෝ/g, \"fCI1da\");\n    // text = text.replace(/බ්‍රෝ/g, \"fL1da\");\n    // text = text.replace(/ඩ්‍රෝ/g, \"fv1da\");\n    // text = text.replace(/ෆ්‍රෝ/g, \"f\\1da\");\n    // text = text.replace(/ග්‍රෝ/g, \"f.1da\");\n    // text = text.replace(/ක්‍රෝ/g, \"fl1da\");\n    // text = text.replace(/ප්‍රෝ/g, \"fm1da\");\n    // text = text.replace(/ද්‍රෝ/g, \"fÊda\");\n    // text = text.replace(/ස්‍රෝ/g, \"fi1da\");\n    // text = text.replace(/ට්‍රෝ/g, \"fg1da\");\n    // text = text.replace(/ත්‍රෝ/g, \"f;1da\");\n    // text = text.replace(/ශ්‍රො/g, \"fY1d\");\n    // text = text.replace(/ඩ්‍රො/g, \"fv1d\");\n    // text = text.replace(/ෆ්‍රො/g, \"f\\1d\");\n    // text = text.replace(/ග්‍රො/g, \"f.1d\");\n    // text = text.replace(/ක්‍රො/g, \"fl1d\");\n    // text = text.replace(/ප්‍රො/g, \"fm1d\");\n    // text = text.replace(/ද්‍රො/g, \"fÊd\");\n    // text = text.replace(/ස්‍රො/g, \"fi1d\");\n    // text = text.replace(/ට්‍රො/g, \"fg1d\");\n    // text = text.replace(/ත්‍රො/g, \"f;1d\");\n    // text = text.replace(/ශ්‍රේ/g, \"fY1a\");\n    // text = text.replace(/බ්‍රේ/g, \"fn1z\");\n    // text = text.replace(/ඩ්‍රේ/g, \"fvz1\");\n    // text = text.replace(/ෆ්‍රේ/g, \"f\\1a\");\n    // text = text.replace(/ග්‍රේ/g, \"f.1a\");\n    // text = text.replace(/ක්‍රේ/g, \"fl1a\");\n    // text = text.replace(/ප්‍රේ/g, \"fm1a\");\n    // text = text.replace(/ද්‍රේ/g, \"fÊa\");\n    // text = text.replace(/ස්‍රේ/g, \"fi1a\");\n    // text = text.replace(/ත්‍රේ/g, \"f;1a\");\n    // text = text.replace(/ධ්‍රේ/g, \"fO1z\");\n    // text = text.replace(/ෂ්‍රෙ/g, \"fI1a\");\n    // text = text.replace(/ශ්‍රෙ/g, \"fY1a\");\n    // text = text.replace(/බ්‍රෙ/g, \"fL1\");\n    // text = text.replace(/ෆ්‍රෙ/g, \"f\\1\");\n    // text = text.replace(/ග්‍රෙ/g, \"f.1\");\n    // text = text.replace(/ක්‍රෙ/g, \"fl1\");\n    // text = text.replace(/ප්‍රෙ/g, \"fm1\");\n    // text = text.replace(/ද්‍රෙ/g, \"fÊ\");\n    // text = text.replace(/ස්‍රෙ/g, \"fi1\");\n    // text = text.replace(/ත්‍රෙ/g, \"f;1\");\n    // text = text.replace(/භ්‍රෙ/g, \"fN1\");\n    // text = text.replace(/ධ්‍රෙ/g, \"fO1\");\n    // text = text.replace(/්‍ය/g, \"H\");\n    // text = text.replace(/්‍ර/g, \"1\");\n    // text = text.replace(/ෂෞ/g, \"fI#\");\n    // text = text.replace(/ඡෞ/g, \"fP#\");\n    // text = text.replace(/ශෞ/g, \"fY#\");\n    // text = text.replace(/බෞ/g, \"fn#\");\n    // text = text.replace(/චෞ/g, \"fp#\");\n    // text = text.replace(/ඩෞ/g, \"fv#\");\n    // text = text.replace(/ෆෞ/g, \"f\\#\");\n    // text = text.replace(/ගෞ/g, \"f.#\");\n    // text = text.replace(/ජෞ/g, \"fc#\");\n    // text = text.replace(/කෞ/g, \"fl#\");\n    // text = text.replace(/ලෞ/g, \"f,#\");\n    // text = text.replace(/මෞ/g, \"fu#\");\n    // text = text.replace(/නෞ/g, \"fk#\");\n    // text = text.replace(/පෞ/g, \"fm#\");\n    // text = text.replace(/දෞ/g, \"fo#\");\n    // text = text.replace(/රෞ/g, \"fr#\");\n    // text = text.replace(/සෞ/g, \"fi#\");\n    // text = text.replace(/ටෞ/g, \"fg#\");\n    // text = text.replace(/තෞ/g, \"f;#\");\n    // text = text.replace(/භෞ/g, \"fN#\");\n    // text = text.replace(/ඤෞ/g, \"f[#\");\n    // text = text.replace(/ෂෝ/g, \"fIda\");\n    // text = text.replace(/ඹෝ/g, \"fUda\");\n    // text = text.replace(/ඡෝ/g, \"fPda\");\n    // text = text.replace(/ඪෝ/g, \"fVda\");\n    // text = text.replace(/ඝෝ/g, \"f>da\");\n    // text = text.replace(/ඛෝ/g, \"fLda\");\n    // text = text.replace(/ළෝ/g, \"f<da\");\n    // text = text.replace(/ඟෝ/g, \"fZ.dA\");\n    // text = text.replace(/ණෝ/g, \"fKda\");\n    // text = text.replace(/ඵෝ/g, \"fMda\");\n    // text = text.replace(/ඨෝ/g, \"fGda\");\n    // text = text.replace(/ඬෝ/g, \"fda\");\n    // text = text.replace(/ශෝ/g, \"fYda\");\n    // text = text.replace(/ඥෝ/g, \"f{da\");\n    // text = text.replace(/ඳෝ/g, \"fZoda\");\n    // text = text.replace(/ක්‍ෂෝ/g, \"fCIda\");\n    // text = text.replace(/බෝ/g, \"fnda\");\n    // text = text.replace(/චෝ/g, \"fpda\");\n    // text = text.replace(/ඩෝ/g, \"fvda\");\n    // text = text.replace(/ෆෝ/g, \"f\\da\");\n    // text = text.replace(/ගෝ/g, \"f.da\");\n    // text = text.replace(/හෝ/g, \"fyda\");\n    // text = text.replace(/ජෝ/g, \"fcda\");\n    // text = text.replace(/කෝ/g, \"flda \");\n    // text = text.replace(/ලෝ/g, \"f,da\");\n    // text = text.replace(/මෝ/g, \"fuda\");\n    // text = text.replace(/නෝ/g, \"fkda \");\n    // text = text.replace(/පෝ/g, \"fmda\");\n    // text = text.replace(/දෝ/g, \"foda\");\n    // text = text.replace(/රෝ/g, \"frda\");\n    // text = text.replace(/සෝ/g, \"fida\");\n    // text = text.replace(/ටෝ/g, \"fgda\");\n    // text = text.replace(/වෝ/g, \"fjda\");\n    // text = text.replace(/තෝ/g, \"f;da\");\n    // text = text.replace(/භෝ/g, \"fNda\");\n    // text = text.replace(/යෝ/g, \"fhda\");\n    // text = text.replace(/ඤෝ/g, \"f[da\");\n    // text = text.replace(/ධෝ/g, \"fOda\");\n    // text = text.replace(/ථෝ/g, \"f:da\");\n    // text = text.replace(/ෂො/g, \"fId\");\n    // text = text.replace(/ඹො/g, \"fUd\");\n    // text = text.replace(/ඡො/g, \"fPd\");\n    // text = text.replace(/ඪො/g, \"fVd\");\n    // text = text.replace(/ඝො/g, \"f>d\");\n    // text = text.replace(/ඛො/g, \"fLd\");\n    // text = text.replace(/ළො/g, \"f<d\");\n    // text = text.replace(/ඟො/g, \"fÕd\");\n    // text = text.replace(/ණො/g, \"fKd\");\n    // text = text.replace(/ඵො/g, \"fMd\");\n    // text = text.replace(/ඨො/g, \"fGd\");\n    // text = text.replace(/ඬො/g, \"fËd\");\n    // text = text.replace(/ශො/g, \"fYd\");\n    // text = text.replace(/ඥො/g, \"f{d\");\n    // text = text.replace(/ඳො/g, \" f d\");\n    // text = text.replace(/ක්‍ෂො/g, \"fCId\");\n    // text = text.replace(/බො/g, \" fnd \");\n    // text = text.replace(/චො/g, \"fpd\");\n    // text = text.replace(/ඩො/g, \"fvd\");\n    // text = text.replace(/ෆො/g, \"f\\d\");\n    // text = text.replace(/ගො/g, \"f.d\");\n    // text = text.replace(/හො/g, \"fyd\");\n    // text = text.replace(/ජො/g, \"fcd\");\n    // text = text.replace(/කො/g, \"fld\");\n    // text = text.replace(/ලො/g, \"f,d\");\n    // text = text.replace(/මො/g, \"fud\");\n    // text = text.replace(/නො/g, \"fkd\");\n    // text = text.replace(/පො/g, \"fmd\");\n    // text = text.replace(/දො/g, \"fod\");\n    // text = text.replace(/රො/g, \"frd\");\n    // text = text.replace(/සො/g, \"fid \");\n    // text = text.replace(/ටො/g, \"fgd\");\n    // text = text.replace(/වො/g, \"fjd\");\n    // text = text.replace(/තො/g, \"f;d\");\n    // text = text.replace(/භො/g, \"fNd\");\n    // text = text.replace(/යො/g, \"fhd\");\n    // text = text.replace(/ඤො/g, \"f[d\");\n    // text = text.replace(/ධො/g, \"fOd\");\n    // text = text.replace(/ථො/g, \"f:d\");\n    // text = text.replace(/ෂේ/g, \"fIa\");\n    // text = text.replace(/ඹේ/g, \"fUz\");\n    // text = text.replace(/ඡේ/g, \"fPa\");\n    // text = text.replace(/ඪේ/g, \"fVa\");\n    // text = text.replace(/ඝේ/g, \"f>a\");\n    // text = text.replace(/ඛේ/g, \"fLz\");\n    // text = text.replace(/ළේ/g, \"f<a\");\n    // text = text.replace(/ඟේ/g, \"fZ.a\");\n    // text = text.replace(/ණේ/g, \"fKa\");\n    // text = text.replace(/ඵේ/g, \"fMa\");\n    // text = text.replace(/ඨේ/g, \"fGa\");\n    // text = text.replace(/ඬේ/g, \"fZvz\");\n    // text = text.replace(/ශේ/g, \"fYa\");\n    // text = text.replace(/ඥේ/g, \"f{a\");\n    // text = text.replace(/ඳේ/g, \"fZoa\");\n    // text = text.replace(/ක්‍ෂේ/g, \"fCIa\");\n    // text = text.replace(/බේ/g, \"fnz\");\n    // text = text.replace(/චේ/g, \"fpz\");\n    // text = text.replace(/ඩේ/g, \"fvz\");\n    // text = text.replace(/ෆේ/g, \"f\\a\");\n    // text = text.replace(/ගේ/g, \"f.a\");\n    // text = text.replace(/හේ/g, \"fya\");\n    // text = text.replace(/පේ/g, \"fma\");\n    // text = text.replace(/කේ/g, \"fla\");\n    // text = text.replace(/ලේ/g, \"f,a\");\n    // text = text.replace(/මේ/g, \"fuz\");\n    // text = text.replace(/නේ/g, \"fka\");\n    // text = text.replace(/ජේ/g, \"fca\");\n    // text = text.replace(/දේ/g, \"foa\");\n    // text = text.replace(/රේ/g, \"frA\");\n    // text = text.replace(/සේ/g, \"fia\");\n    // text = text.replace(/ටේ/g, \"fgz\");\n    // text = text.replace(/වේ/g, \"fjz\");\n    // text = text.replace(/තේ/g, \"f;a\");\n    // text = text.replace(/භේ/g, \"fNa\");\n    // text = text.replace(/යේ/g, \"fha\");\n    // text = text.replace(/ඤේ/g, \"f[a\");\n    // text = text.replace(/ධේ/g, \"fOz\");\n    // text = text.replace(/ථේ/g, \"f:a\");\n    // text = text.replace(/ෂෙ/g, \"fI\");\n    // text = text.replace(/ඹෙ/g, \"fU\");\n    // text = text.replace(/ඓ/g, \"ft\");\n    // text = text.replace(/ඡෙ/g, \"fP\");\n    // text = text.replace(/ඪෙ/g, \"fV\");\n    // text = text.replace(/ඝෙ/g, \"f>\");\n    // text = text.replace(/ඛෙ/g, \"fL\");\n    // text = text.replace(/ළෙ/g, \"f<\");\n    // text = text.replace(/ඟෙ/g, \"fZ.\");\n    // text = text.replace(/ණෙ/g, \"fK\");\n    // text = text.replace(/ඵෙ/g, \"fM\");\n    // text = text.replace(/ඨෙ/g, \"fG\");\n    // text = text.replace(/ඬෙ/g, \"fZv\");\n    // text = text.replace(/ශෙ/g, \"fY\");\n    // text = text.replace(/ඥෙ/g, \"f{\");\n    // text = text.replace(/ඳෙ/g, \"fZo\");\n    // text = text.replace(/ක්‍ෂෙ/g, \"fCI\");\n    // text = text.replace(/බෙ/g, \"fn\");\n    // text = text.replace(/චෙ/g, \"fp\");\n    // text = text.replace(/ඩෙ/g, \"fv\");\n    // text = text.replace(/ෆෙ/g, \"f\\\\\");\n    // text = text.replace(/ගෙ/g, \"f.\");\n    // text = text.replace(/හෙ/g, \"fy\");\n    // text = text.replace(/ජෙ/g, \"fc\");\n    // text = text.replace(/කෙ/g, \"fl\");\n    // text = text.replace(/ලෙ/g, \"f,\");\n    // text = text.replace(/මෙ/g, \"fu\");\n    // text = text.replace(/නෙ/g, \"fk\");\n    // text = text.replace(/පෙ/g, \"fm\");\n    // text = text.replace(/දෙ/g, \"fo\");\n    // text = text.replace(/රෙ/g, \"fr\");\n    // text = text.replace(/සෙ/g, \"fi\");\n    // text = text.replace(/ටෙ/g, \"fg\");\n    // text = text.replace(/වෙ/g, \"fj\");\n    // text = text.replace(/තෙ/g, \"f;\");\n    // text = text.replace(/භෙ/g, \"fN\");\n    // text = text.replace(/යෙ/g, \"fh\");\n    // text = text.replace(/ඤෙ/g, \"f[\");\n    // text = text.replace(/ධෙ/g, \"fO\");\n    // text = text.replace(/ථෙ/g, \"f:\");\n    // text = text.replace(/තු/g, \";2\");\n    // text = text.replace(/ගු/g, \".2\");\n    // text = text.replace(/කු/g, \"fl2\");\n    // text = text.replace(/තූ/g, \";@\");\n    // text = text.replace(/ගූ/g, \".@\");\n    // text = text.replace(/කූ/g, \"l@\");\n    // text = text.replace(/රු/g, \"re\");\n    // text = text.replace(/රූ/g, \"rE\");\n    // text = text.replace(/ආ/g, \"wd\");\n    // text = text.replace(/ඇ/g, \"we\");\n    // text = text.replace(/ඈ/g, \"wE\");\n    // text = text.replace(/ඌ/g, \"W#\");\n    // text = text.replace(/ඖ/g, \"T#\");\n    // text = text.replace(/ඒ/g, \"ta\");\n    // text = text.replace(/ඕ/g, \"Tz\");\n    // text = text.replace(/ඳි/g, \"Ës\");\n    // text = text.replace(/ඳී/g, \"ËS\");\n    // text = text.replace(/දූ/g, \"É\");\n    // text = text.replace(/දී/g, \"oS\");\n    // text = text.replace(/ලූ/g, \",Q\");\n    // text = text.replace(/ර්‍ය/g, \"h!\");\n    // text = text.replace(/ඳූ/g, \"Ì\");\n    // text = text.replace(/ර්/g, \"rA\");\n    // text = text.replace(/ඨි/g, \"Gs\");\n    // text = text.replace(/ඨී/g, \"GS\");\n    // text = text.replace(/ඡී/g, \"PS\");\n    // text = text.replace(/ඛ්/g, \"Lz\");\n    // text = text.replace(/ඛි/g, \"Ls\");\n    // text = text.replace(/ලු/g, \",q\");\n    // text = text.replace(/ඛී/g, \"LS\");\n    // text = text.replace(/දි/g, \"os\");\n    // text = text.replace(/ච්/g, \"pz\");\n    // text = text.replace(/ජ්/g, \"ca\");\n    // text = text.replace(/රී/g, \"rS\");\n    // text = text.replace(/ඪී/g, \"VS\");\n    // text = text.replace(/ඪී/g, \"VS\");\n    // text = text.replace(/චි/g, \"ps\");\n    // text = text.replace(/ථී/g, \":S\");\n    // text = text.replace(/ථී/g, \":S\");\n    // text = text.replace(/ජී/g, \"cS\");\n    // text = text.replace(/චී/g, \"pS\");\n    // text = text.replace(/ඞ්/g, \"Xz\");\n    // text = text.replace(/ඵී/g, \"MS\");\n    // text = text.replace(/ට්/g, \"gz\");\n    // text = text.replace(/ඵි/g, \"Ms\");\n    // text = text.replace(/රි/g, \"rs\");\n    // text = text.replace(/ටී/g, \"gS\");\n    // text = text.replace(/ටි/g, \"gs\");\n    // text = text.replace(/ඩ්/g, \"vz\");\n    // text = text.replace(/ඩී/g, \"vS\");\n    // text = text.replace(/ඩි/g, \"vs\");\n    // text = text.replace(/ඬ්/g, \"Zvz\");\n    // text = text.replace(/ඬි/g, \"ç\");\n    // text = text.replace(/ධ්/g, \"Oz\");\n    // text = text.replace(/ඬී/g, \"é\");\n    // text = text.replace(/ධි/g, \"Os\");\n    // text = text.replace(/ධී/g, \"OS\");\n    // text = text.replace(/බි/g, \"ns\");\n    // text = text.replace(/බ්/g, \"nz\");\n    // text = text.replace(/බී/g, \"nS\");\n    // text = text.replace(/ම්/g, \"uz\");\n    // text = text.replace(/ජි/g, \"cs\");\n    // text = text.replace(/මි/g, \"us\");\n    // text = text.replace(/ඹ්/g, \"Uz\");\n    // text = text.replace(/මී/g, \"uS\");\n    // text = text.replace(/ඹි/g, \"US\");\n    // text = text.replace(/ව්/g, \"jz\");\n    // text = text.replace(/ඹී/g, \"Us\");\n    // text = text.replace(/ඳු/g, \"Ì\");\n    // text = text.replace(/ද්‍ර/g, \"Ê\");\n    // text = text.replace(/වී/g, \"jS\");\n    // text = text.replace(/වි/g, \"js\");\n    // text = text.replace(/ඞ්/g, \"Xz\");\n    // text = text.replace(/ඞී/g, \"X\");\n    // text = text.replace(/ඡි/g, \"Ps\");\n    // text = text.replace(/ඡ්/g, \"Pa\");\n    // text = text.replace(/දු/g, \"È\");\n    // text = text.replace(/ජ්/g, \"cA\");\n    // text = text.replace(/ර්‍ණ/g, \"K!\");\n    // text = text.replace(/ණී/g, \"KS\");\n    // text = text.replace(/ජී/g, \"cS\");\n    // text = text.replace(/ඡි/g, \"Ps\");\n    // text = text.replace(/ඩි/g, \"vs\");\n    // text = text.replace(/ඤු/g, \"ZCÌ\");\n    // text = text.replace(/ග/g, \".\");\n    // text = text.replace(/ළු/g, \"ZM\");\n    // text = text.replace(/ෂ/g, \"I\");\n    // text = text.replace(/ං/g, \"x\");\n    // text = text.replace(/ඃ/g, \"%\");\n    // text = text.replace(/ඹ/g, \"U\");\n    // text = text.replace(/ඡ/g, \"P\");\n    // text = text.replace(/ඪ/g, \"V\");\n    // text = text.replace(/ඝ/g, \">\");\n    // text = text.replace(/ඊ/g, \"B\");\n    // text = text.replace(/ඣ/g, \"CO\");\n    // text = text.replace(/ඛ/g, \"L\");\n    // text = text.replace(/ළ/g, \"<\");\n    // text = text.replace(/ඟ/g, \"Z.\");\n    // text = text.replace(/ණ/g, \"K\");\n    // text = text.replace(/ඵ/g, \"M\");\n    // text = text.replace(/ඨ/g, \"G\");\n    // text = text.replace(/ඃ/g, \"%\");\n    // text = text.replace(/\\\"/g, \"Ù\");\n    // text = text.replace(/\\//g, \"^\");\n    // text = text.replace(/\\)/g, \"(\");\n    // text = text.replace(/:/g, \"_\");\n    // text = text.replace(/-/g, \"+\");\n    // text = text.replace(/ෆ/g, \"\\\\\");\n    // text = text.replace(/ල/g, \",\");\n    // text = text.replace(/-/g, \"+\");\n    // text = text.replace(/රැ/g, \"/\");\n    // text = text.replace(/ථ/g, \":\");\n    // text = text.replace(/ත/g, \";\");\n    // text = text.replace(/ළ/g, \"<\");\n    // text = text.replace(/ඝ/g, \">\");\n    // text = text.replace(/රෑ/g, \"\\?\");\n    // text = text.replace(/ඊ/g, \"B\");\n    // text = text.replace(/ක‍/g, \"l\");\n    // text = text.replace(/ෘ/g, \"D\");\n    // text = text.replace(/ෑ/g, \"E\");\n    // text = text.replace(/ත‍/g, \";\");\n    // text = text.replace(/ඨ/g, \"G\");\n    // text = text.replace(/්‍ය/g, \"H\");\n    // text = text.replace(/ෂ/g, \"I\");\n    // text = text.replace(/න‍/g, \"k\");\n    // text = text.replace(/ණ/g, \"K\");\n    // text = text.replace(/ඛ/g, \"L\");\n    // text = text.replace(/ඵ/g, \"M\");\n    // text = text.replace(/භ/g, \"N\");\n    // text = text.replace(/ධ/g, \"O\");\n    // text = text.replace(/ඡ/g, \"P\");\n    // text = text.replace(/ඍ/g, \"RD\");\n    // text = text.replace(/ඔ/g, \"T\");\n    // text = text.replace(/ඹ/g, \"U\");\n    // text = text.replace(/ඪ/g, \"V\");\n    // text = text.replace(/උ/g, \"W\");\n    // text = text.replace(/ශ/g, \"Y\");\n    // text = text.replace(/ඤ/g, \"[\");\n    // text = text.replace(/ඉ/g, \"b\");\n    // text = text.replace(/ජ/g, \"c\");\n    // text = text.replace(/ට/g, \"g\");\n    // text = text.replace(/ය/g, \"h\");\n    // text = text.replace(/ස/g, \"i\");\n    // text = text.replace(/ව/g, \"j\");\n    // text = text.replace(/න/g, \"k\");\n    // text = text.replace(/ක/g, \"l\");\n    // text = text.replace(/ප/g, \"m\");\n    // text = text.replace(/බ/g, \"n\");\n    // text = text.replace(/ද/g, \"o\");\n    // text = text.replace(/ච/g, \"p\");\n    // text = text.replace(/ර/g, \"r\");\n    // text = text.replace(/එ/g, \"t\");\n    // text = text.replace(/ම/g, \"u\");\n    // text = text.replace(/ඩ/g, \"v\");\n    // text = text.replace(/අ/g, \"w\");\n    // text = text.replace(/හ/g, \"y\");\n    // text = text.replace(/ඥ/g, \"{\");\n    // text = text.replace(/ඳ/g, \"Ë\");\n    // text = text.replace(/ක්‍ෂ/g, \"CI\");\n    // text = text.replace(/ැ/g, \"e\");\n    // text = text.replace(/ෑ/g, \"E\");\n    // text = text.replace(/ෙ/g, \"f\");\n    // text = text.replace(/ු/g, \"q\");\n    // text = text.replace(/ි/g, \"s\");\n    // text = text.replace(/ූ/g, \"Q\");\n    // text = text.replace(/ී/g, \"S\");\n    // text = text.replace(/ෘ/g, \"D\");\n    // text = text.replace(/ෲ/g, \"DD\");\n    // text = text.replace(/ෟ/g, \"#\");\n    // text = text.replace(/ා/g, \"d\");\n    // text = text.replace(/්/g, \"a\");\n    // text = text.replace(/￦/g, \"\\\"\");\n    // text = text.replace(/�/g, \"\\'\");\n    // text = text.replace(/￫/g, \"*\");\n    // text = text.replace(/￩/g, \"(\");\n    // text = text.replace(/ￕ/g, \"]\");\n    // text = text.replace(/\\$/g, \"^\");\n    // text = text.replace(/ￔ/g, \"+\");\n    // text = text.replace(/ￓ/g, \"$\");\n    // text = text.replace(/ￒ/g, \"Ø\");\n    // text = text.replace(/ￏ/g, \"±\");\n    // text = text.replace(/ￎ/g, \")\");\n    // text = text.replace(/ￍ/g, \"±\");\n    // text = text.replace(/ￌ/g, \"_\");\n    // text = text.replace(/ￋ/g, \"^\");\n    // text = text.replace(/ﾶ/g, \"Õ\");\n    // text = text.replace(/0/g, \"=\");\n    // text = text.replace(/9/g, \"-\");\n    // text = text.replace(/8/g, \"0\");\n    // text = text.replace(/7/g, \"9\");\n    // text = text.replace(/6/g, \"8\");\n    // text = text.replace(/5/g, \"7\");\n    // text = text.replace(/4/g, \"6\");\n    // text = text.replace(/3/g, \"5\");\n    // text = text.replace(/2/g, \"4\");\n    // text = text.replace(/1/g, \"3\");\n\n    return text\n}"]},"_coverageSchema":"1a1c01bbd47fc00a2c39e90264f33305004495a9","hash":"824fd43734dd3a64ff52f676522a6b6c485f1dd0","contentHash":"6feba0094407a14d9c9610af525fa295b545a48b6a70ab3f04f02c0f1bd9eee3"}}